# JRE version: OpenJDK Runtime Environment (Zulu 8.52.0.23-CA-win64) (8.0_282-b08) (build 1.8.0_282-b08)
# Java VM: OpenJDK 64-Bit Server VM (25.282-b08 mixed mode windows-amd64 compressed oops)
Heap:
 PSYoungGen      total 312832K, used 41494K [0x00000000d5580000, 0x00000000f0280000, 0x0000000100000000)
  eden space 299008K, 9% used [0x00000000d5580000,0x00000000d70ae078,0x00000000e7980000)
  from space 13824K, 98% used [0x00000000ef500000,0x00000000f0257880,0x00000000f0280000)
  to   space 13824K, 0% used [0x00000000e7980000,0x00000000e7980000,0x00000000e8700000)
 ParOldGen       total 83968K, used 20449K [0x0000000080000000, 0x0000000085200000, 0x00000000d5580000)
  object space 83968K, 24% used [0x0000000080000000,0x00000000813f8520,0x0000000085200000)
 Metaspace       used 47286K, capacity 48274K, committed 48512K, reserved 1091584K
  class space    used 5426K, capacity 5715K, committed 5760K, reserved 1048576K
GC Heap History (10 events):
Event: 12.173 GC heap before
{Heap before GC invocations=10 (full 1):
 PSYoungGen      total 224768K, used 224402K [0x00000000d5580000, 0x00000000e6380000, 0x0000000100000000)
  eden space 220672K, 100% used [0x00000000d5580000,0x00000000e2d00000,0x00000000e2d00000)
  from space 4096K, 91% used [0x00000000e5f80000,0x00000000e63249b0,0x00000000e6380000)
  to   space 9216K, 0% used [0x00000000e5180000,0x00000000e5180000,0x00000000e5a80000)
 ParOldGen       total 54272K, used 8390K [0x0000000080000000, 0x0000000083500000, 0x00000000d5580000)
  object space 54272K, 15% used [0x0000000080000000,0x0000000080831b60,0x0000000083500000)
 Metaspace       used 23430K, capacity 23760K, committed 23936K, reserved 1071104K
  class space    used 2518K, capacity 2631K, committed 2688K, reserved 1048576K
Event: 12.184 GC heap after
Heap after GC invocations=10 (full 1):
 PSYoungGen      total 267264K, used 7134K [0x00000000d5580000, 0x00000000e9080000, 0x0000000100000000)
  eden space 258048K, 0% used [0x00000000d5580000,0x00000000d5580000,0x00000000e5180000)
  from space 9216K, 77% used [0x00000000e5180000,0x00000000e5877b68,0x00000000e5a80000)
  to   space 9728K, 0% used [0x00000000e8700000,0x00000000e8700000,0x00000000e9080000)
 ParOldGen       total 54272K, used 8398K [0x0000000080000000, 0x0000000083500000, 0x00000000d5580000)
  object space 54272K, 15% used [0x0000000080000000,0x0000000080833b60,0x0000000083500000)
 Metaspace       used 23430K, capacity 23760K, committed 23936K, reserved 1071104K
  class space    used 2518K, capacity 2631K, committed 2688K, reserved 1048576K
}
Event: 21.733 GC heap before
{Heap before GC invocations=11 (full 1):
 PSYoungGen      total 267264K, used 265182K [0x00000000d5580000, 0x00000000e9080000, 0x0000000100000000)
  eden space 258048K, 100% used [0x00000000d5580000,0x00000000e5180000,0x00000000e5180000)
  from space 9216K, 77% used [0x00000000e5180000,0x00000000e5877b68,0x00000000e5a80000)
  to   space 9728K, 0% used [0x00000000e8700000,0x00000000e8700000,0x00000000e9080000)
 ParOldGen       total 54272K, used 8398K [0x0000000080000000, 0x0000000083500000, 0x00000000d5580000)
  object space 54272K, 15% used [0x0000000080000000,0x0000000080833b60,0x0000000083500000)
 Metaspace       used 33328K, capacity 34348K, committed 34432K, reserved 1079296K
  class space    used 3879K, capacity 4151K, committed 4224K, reserved 1048576K
Event: 21.796 GC heap after
Heap after GC invocations=11 (full 1):
 PSYoungGen      total 308736K, used 9718K [0x00000000d5580000, 0x00000000ec400000, 0x0000000100000000)
  eden space 299008K, 0% used [0x00000000d5580000,0x00000000d5580000,0x00000000e7980000)
  from space 9728K, 99% used [0x00000000e8700000,0x00000000e907d938,0x00000000e9080000)
  to   space 13824K, 0% used [0x00000000e7980000,0x00000000e7980000,0x00000000e8700000)
 ParOldGen       total 54272K, used 16663K [0x0000000080000000, 0x0000000083500000, 0x00000000d5580000)
  object space 54272K, 30% used [0x0000000080000000,0x0000000081045e28,0x0000000083500000)
 Metaspace       used 33328K, capacity 34348K, committed 34432K, reserved 1079296K
  class space    used 3879K, capacity 4151K, committed 4224K, reserved 1048576K
}
Event: 22.114 GC heap before
{Heap before GC invocations=12 (full 1):
 PSYoungGen      total 308736K, used 44592K [0x00000000d5580000, 0x00000000ec400000, 0x0000000100000000)
  eden space 299008K, 11% used [0x00000000d5580000,0x00000000d778eaa0,0x00000000e7980000)
  from space 9728K, 99% used [0x00000000e8700000,0x00000000e907d938,0x00000000e9080000)
  to   space 13824K, 0% used [0x00000000e7980000,0x00000000e7980000,0x00000000e8700000)
 ParOldGen       total 54272K, used 16663K [0x0000000080000000, 0x0000000083500000, 0x00000000d5580000)
  object space 54272K, 30% used [0x0000000080000000,0x0000000081045e28,0x0000000083500000)
 Metaspace       used 34362K, capacity 35346K, committed 35456K, reserved 1081344K
  class space    used 4087K, capacity 4376K, committed 4480K, reserved 1048576K
Event: 22.125 GC heap after
Heap after GC invocations=12 (full 1):
 PSYoungGen      total 312832K, used 1411K [0x00000000d5580000, 0x00000000f0280000, 0x0000000100000000)
  eden space 299008K, 0% used [0x00000000d5580000,0x00000000d5580000,0x00000000e7980000)
  from space 13824K, 10% used [0x00000000e7980000,0x00000000e7ae0ca0,0x00000000e8700000)
  to   space 13824K, 0% used [0x00000000ef500000,0x00000000ef500000,0x00000000f0280000)
 ParOldGen       total 54272K, used 25443K [0x0000000080000000, 0x0000000083500000, 0x00000000d5580000)
  object space 54272K, 46% used [0x0000000080000000,0x00000000818d8e68,0x0000000083500000)
 Metaspace       used 34362K, capacity 35346K, committed 35456K, reserved 1081344K
  class space    used 4087K, capacity 4376K, committed 4480K, reserved 1048576K
}
Event: 22.125 GC heap before
{Heap before GC invocations=13 (full 2):
 PSYoungGen      total 312832K, used 1411K [0x00000000d5580000, 0x00000000f0280000, 0x0000000100000000)
  eden space 299008K, 0% used [0x00000000d5580000,0x00000000d5580000,0x00000000e7980000)
  from space 13824K, 10% used [0x00000000e7980000,0x00000000e7ae0ca0,0x00000000e8700000)
  to   space 13824K, 0% used [0x00000000ef500000,0x00000000ef500000,0x00000000f0280000)
 ParOldGen       total 54272K, used 25443K [0x0000000080000000, 0x0000000083500000, 0x00000000d5580000)
  object space 54272K, 46% used [0x0000000080000000,0x00000000818d8e68,0x0000000083500000)
 Metaspace       used 34362K, capacity 35346K, committed 35456K, reserved 1081344K
  class space    used 4087K, capacity 4376K, committed 4480K, reserved 1048576K
Event: 22.220 GC heap after
Heap after GC invocations=13 (full 2):
 PSYoungGen      total 312832K, used 0K [0x00000000d5580000, 0x00000000f0280000, 0x0000000100000000)
  eden space 299008K, 0% used [0x00000000d5580000,0x00000000d5580000,0x00000000e7980000)
  from space 13824K, 0% used [0x00000000e7980000,0x00000000e7980000,0x00000000e8700000)
  to   space 13824K, 0% used [0x00000000ef500000,0x00000000ef500000,0x00000000f0280000)
 ParOldGen       total 83968K, used 20441K [0x0000000080000000, 0x0000000085200000, 0x00000000d5580000)
  object space 83968K, 24% used [0x0000000080000000,0x00000000813f6520,0x0000000085200000)
 Metaspace       used 34362K, capacity 35346K, committed 35456K, reserved 1081344K
  class space    used 4087K, capacity 4376K, committed 4480K, reserved 1048576K
}
Event: 28.784 GC heap before
{Heap before GC invocations=14 (full 2):
 PSYoungGen      total 312832K, used 299008K [0x00000000d5580000, 0x00000000f0280000, 0x0000000100000000)
  eden space 299008K, 100% used [0x00000000d5580000,0x00000000e7980000,0x00000000e7980000)
  from space 13824K, 0% used [0x00000000e7980000,0x00000000e7980000,0x00000000e8700000)
  to   space 13824K, 0% used [0x00000000ef500000,0x00000000ef500000,0x00000000f0280000)
 ParOldGen       total 83968K, used 20441K [0x0000000080000000, 0x0000000085200000, 0x00000000d5580000)
  object space 83968K, 24% used [0x0000000080000000,0x00000000813f6520,0x0000000085200000)
 Metaspace       used 47059K, capacity 48108K, committed 48256K, reserved 1091584K
  class space    used 5418K, capacity 5709K, committed 5760K, reserved 1048576K
Event: 28.814 GC heap after
Heap after GC invocations=14 (full 2):
 PSYoungGen      total 312832K, used 13662K [0x00000000d5580000, 0x00000000f0280000, 0x0000000100000000)
  eden space 299008K, 0% used [0x00000000d5580000,0x00000000d5580000,0x00000000e7980000)
  from space 13824K, 98% used [0x00000000ef500000,0x00000000f0257880,0x00000000f0280000)
  to   space 13824K, 0% used [0x00000000e7980000,0x00000000e7980000,0x00000000e8700000)
 ParOldGen       total 83968K, used 20449K [0x0000000080000000, 0x0000000085200000, 0x00000000d5580000)
  object space 83968K, 24% used [0x0000000080000000,0x00000000813f8520,0x0000000085200000)
 Metaspace       used 47059K, capacity 48108K, committed 48256K, reserved 1091584K
  class space    used 5418K, capacity 5709K, committed 5760K, reserved 1048576K
}

