<?xml version="1.0" encoding="UTF-8"?>
<testsuites name="CancelOrder-OnIframeView" time="394.375" tests="1" failures="0" errors="0">
   <testsuite name="CancelOrder-OnIframeView" tests="1" failures="0" errors="0" time="394.375" skipped="0" timestamp="2022-02-11 22:19:11" hostname="intersoft-admin - DESKTOP-ANQSRIJ" id="Test Suites/CancelOrder-OnIframeView">
      <properties>
[...]
</properties>
      <testcase name="Test Cases/NewActivityOverview-LeftNavigation/ActivityOverview-CancelOrder-GetOrderIDAndRefund" time="392.995" classname="Test Cases/NewActivityOverview-LeftNavigation/ActivityOverview-CancelOrder-GetOrderIDAndRefund" status="PASSED">
         <system-out><![CDATA[2022-02-11 22:19:13 - [TEST_CASE][PASSED] - Test Cases/NewActivityOverview-LeftNavigation/ActivityOverview-CancelOrder-GetOrderIDAndRefund: Test Cases/NewActivityOverview-LeftNavigation/ActivityOverview-CancelOrder-GetOrderIDAndRefund

2022-02-11 22:19:16 - [TEST_STEP][PASSED] - callTestCase(findTestCase("LoginWithSuperAdmin/SuperAdmin-Login"), [:], STOP_ON_FAILURE): Call Test Case 'Test Cases/LoginWithSuperAdmin/SuperAdmin-Login' successfully

2022-02-11 22:19:17 - [TEST_CASE][PASSED] - Test Cases/LoginWithSuperAdmin/SuperAdmin-Login: Test Cases/LoginWithSuperAdmin/SuperAdmin-Login

2022-02-11 22:19:18 - [TEST_STEP][PASSED] - openBrowser(""): Browser is opened with url: ''

2022-02-11 22:19:20 - [MESSAGE][INFO] - Starting 'Chrome' driver

2022-02-11 22:19:22 - [MESSAGE][INFO] - Action delay is set to 3,000 milliseconds

2022-02-11 22:19:35 - [MESSAGE][PASSED] - Browser is opened with url: ''

2022-02-11 22:19:35 - [TEST_STEP][PASSED] - setViewPortSize(1920, 1080): Viewport is set to new size with width = 1920 and height = 1080

2022-02-11 22:19:35 - [MESSAGE][PASSED] - Viewport is set to new size with width = 1920 and height = 1080

2022-02-11 22:19:35 - [TEST_STEP][PASSED] - navigateToUrl(URL): Navigate to 'https://marketplacev1.test-prio.com' successfully

2022-02-11 22:19:43 - [MESSAGE][PASSED] - Navigate to 'https://marketplacev1.test-prio.com' successfully

2022-02-11 22:19:43 - [TEST_STEP][PASSED] - delay(3): Delayed 3 second(s)

2022-02-11 22:19:46 - [MESSAGE][PASSED] - Delayed 3 second(s)

2022-02-11 22:19:46 - [TEST_STEP][PASSED] - click(findTestObject("SuperAdmin/Login/input_Email_contact_email")): Object: 'Object Repository/SuperAdmin/Login/input_Email_contact_email' is clicked on

2022-02-11 22:20:18 - [MESSAGE][PASSED] - Object: 'Object Repository/SuperAdmin/Login/input_Email_contact_email' is clicked on

2022-02-11 22:20:18 - [TEST_STEP][PASSED] - setText(findTestObject("SuperAdmin/Login/input_Email_contact_email"), uname): Text 'superadmin@tippoint.com' is set on object 'Object Repository/SuperAdmin/Login/input_Email_contact_email'

2022-02-11 22:20:25 - [MESSAGE][PASSED] - Text 'superadmin@tippoint.com' is set on object 'Object Repository/SuperAdmin/Login/input_Email_contact_email'

2022-02-11 22:20:25 - [TEST_STEP][PASSED] - setEncryptedText(findTestObject("SuperAdmin/Login/input_Password_password"), Password): Text ****** has been set on object 'Object Repository/SuperAdmin/Login/input_Password_password'

2022-02-11 22:20:32 - [MESSAGE][PASSED] - Text ****** has been set on object 'Object Repository/SuperAdmin/Login/input_Password_password'

2022-02-11 22:20:32 - [TEST_STEP][PASSED] - takeScreenshot(): Taking screenshot successfully

2022-02-11 22:20:37 - [MESSAGE][PASSED] - Taking screenshot successfully
[[ATTACHMENT|D:\\xampp\\htdocs\\training\\Training\\Rattan\\Final_testing\\New_ActivityOverview\\Reports\\20220211_221705\\CancelOrder-OnIframeView\\20220211_221719\\1644598232881.png]]

2022-02-11 22:20:37 - [TEST_STEP][PASSED] - newpackage.clickUsingJS.clickUsingJS(findTestObject("SuperAdmin/Login/button_Sign in"), 5): newpackage.clickUsingJS.clickUsingJS is PASSED

2022-02-11 22:20:40 - [MESSAGE][PASSED] - newpackage.clickUsingJS.clickUsingJS is PASSED

2022-02-11 22:20:40 - [MESSAGE][PASSED] - Call Test Case 'Test Cases/LoginWithSuperAdmin/SuperAdmin-Login' successfully

2022-02-11 22:20:40 - [TEST_STEP][PASSED] - switchToDefaultContent(): null

2022-02-11 22:20:41 - [TEST_STEP][PASSED] - click(findTestObject("SuperAdminLeftNavigation/NewActivityOverview-LeftNavigation")): Object: 'Object Repository/SuperAdminLeftNavigation/NewActivityOverview-LeftNavigation' is clicked on

2022-02-11 22:20:56 - [MESSAGE][PASSED] - Object: 'Object Repository/SuperAdminLeftNavigation/NewActivityOverview-LeftNavigation' is clicked on

2022-02-11 22:20:56 - [TEST_STEP][PASSED] - takeScreenshot(): Taking screenshot successfully

2022-02-11 22:21:04 - [MESSAGE][PASSED] - Taking screenshot successfully
[[ATTACHMENT|D:\\xampp\\htdocs\\training\\Training\\Rattan\\Final_testing\\New_ActivityOverview\\Reports\\20220211_221705\\CancelOrder-OnIframeView\\20220211_221719\\1644598258380.png]]

2022-02-11 22:21:04 - [TEST_STEP][PASSED] - switchToFrame(findTestObject("Object Repository/Iframe/NewActivityOverviewIframe"), 5): null

2022-02-11 22:21:05 - [TEST_STEP][PASSED] - delay(10): Delayed 10 second(s)

2022-02-11 22:21:15 - [MESSAGE][PASSED] - Delayed 10 second(s)

2022-02-11 22:21:15 - [TEST_STEP][PASSED] - takeScreenshot(): Taking screenshot successfully

2022-02-11 22:21:15 - [MESSAGE][PASSED] - Taking screenshot successfully
[[ATTACHMENT|D:\\xampp\\htdocs\\training\\Training\\Rattan\\Final_testing\\New_ActivityOverview\\Reports\\20220211_221705\\CancelOrder-OnIframeView\\20220211_221719\\1644598275136.png]]

2022-02-11 22:21:15 - [TEST_STEP][PASSED] - sizeoflisting = findWebElements(findTestObject("ListingArea/ListingContainsData"), 5).size(): null

2022-02-11 22:21:15 - [TEST_STEP][PASSED] - println(sizeoflisting): null

2022-02-11 22:21:15 - [TEST_STEP][PASSED] - logInfo(Size of Order Listing: $sizeoflisting): Size of Order Listing: 11

2022-02-11 22:21:15 - [MESSAGE][INFO] - Size of Order Listing: 11

2022-02-11 22:21:15 - [TEST_STEP][PASSED] - if (sizeoflisting > 2): Delayed 13 second(s)

2022-02-11 22:21:15 - [TEST_STEP][PASSED] - logInfo("Orders Exist in Listing"): Orders Exist in Listing

2022-02-11 22:21:15 - [MESSAGE][INFO] - Orders Exist in Listing

2022-02-11 22:21:15 - [TEST_STEP][PASSED] - click(findTestObject("Object Repository/OrderPerPage/OrderPerPage_select")): Object: 'Object Repository/OrderPerPage/OrderPerPage_select' is clicked on

2022-02-11 22:21:18 - [MESSAGE][PASSED] - Object: 'Object Repository/OrderPerPage/OrderPerPage_select' is clicked on

2022-02-11 22:21:18 - [TEST_STEP][PASSED] - delay(5): Delayed 5 second(s)

2022-02-11 22:21:23 - [MESSAGE][PASSED] - Delayed 5 second(s)

2022-02-11 22:21:23 - [TEST_STEP][PASSED] - click(findTestObject("Object Repository/OrderPerPage/OrderPerPage-SelectOption")): Object: 'Object Repository/OrderPerPage/OrderPerPage-SelectOption' is clicked on

2022-02-11 22:21:27 - [MESSAGE][PASSED] - Object: 'Object Repository/OrderPerPage/OrderPerPage-SelectOption' is clicked on

2022-02-11 22:21:27 - [TEST_STEP][PASSED] - delay(20): Delayed 20 second(s)

2022-02-11 22:21:47 - [MESSAGE][PASSED] - Delayed 20 second(s)

2022-02-11 22:21:47 - [TEST_STEP][PASSED] - takeScreenshot(): Taking screenshot successfully

2022-02-11 22:21:47 - [MESSAGE][PASSED] - Taking screenshot successfully
[[ATTACHMENT|D:\\xampp\\htdocs\\training\\Training\\Rattan\\Final_testing\\New_ActivityOverview\\Reports\\20220211_221705\\CancelOrder-OnIframeView\\20220211_221719\\1644598307520.png]]

2022-02-11 22:21:47 - [TEST_STEP][PASSED] - SizeofPagination = getText(findTestObject("Object Repository/PaginationCOunt/PaginationCount")): Text of object 'Object Repository/PaginationCOunt/PaginationCount' is: '100'

2022-02-11 22:21:48 - [MESSAGE][PASSED] - Text of object 'Object Repository/PaginationCOunt/PaginationCount' is: '100'

2022-02-11 22:21:48 - [TEST_STEP][PASSED] - println(SizeofPagination): null

2022-02-11 22:21:48 - [TEST_STEP][PASSED] - paginationmaxcount = Integer.parseInt(SizeofPagination): null

2022-02-11 22:21:48 - [TEST_STEP][PASSED] - paginationmaxcount = 2: null

2022-02-11 22:21:48 - [TEST_STEP][PASSED] - logInfo(Size of Pagination: $paginationmaxcount): Size of Pagination: 2

2022-02-11 22:21:48 - [MESSAGE][INFO] - Size of Pagination: 2

2022-02-11 22:21:48 - [TEST_STEP][PASSED] - totalrecords = 0: null

2022-02-11 22:21:48 - [TEST_STEP][PASSED] - for ([l = 1, l <= paginationmaxcount, (l++)]): Delayed 13 second(s)

2022-02-11 22:21:48 - [TEST_STEP][PASSED] - if (l <= 5): null

2022-02-11 22:21:48 - [TEST_STEP][PASSED] - paginationvalue = l: null

2022-02-11 22:21:48 - [TEST_STEP][PASSED] - if (l > 5): null

2022-02-11 22:21:48 - [TEST_STEP][PASSED] - logInfo(Size of Pagination: $paginationvalue): Size of Pagination: 1

2022-02-11 22:21:48 - [MESSAGE][INFO] - Size of Pagination: 1

2022-02-11 22:21:48 - [TEST_STEP][PASSED] - click(findTestObject("Object Repository/PaginationCOunt/ClickOnPagination", ["pagination":paginationvalue])): Object: 'Object Repository/PaginationCOunt/ClickOnPagination' is clicked on

2022-02-11 22:21:51 - [MESSAGE][PASSED] - Object: 'Object Repository/PaginationCOunt/ClickOnPagination' is clicked on

2022-02-11 22:21:51 - [TEST_STEP][PASSED] - delay(20): Delayed 20 second(s)

2022-02-11 22:22:11 - [MESSAGE][PASSED] - Delayed 20 second(s)

2022-02-11 22:22:11 - [TEST_STEP][PASSED] - takeScreenshot(): Taking screenshot successfully

2022-02-11 22:22:12 - [MESSAGE][PASSED] - Taking screenshot successfully
[[ATTACHMENT|D:\\xampp\\htdocs\\training\\Training\\Rattan\\Final_testing\\New_ActivityOverview\\Reports\\20220211_221705\\CancelOrder-OnIframeView\\20220211_221719\\1644598331869.png]]

2022-02-11 22:22:12 - [TEST_STEP][PASSED] - SizeofActiveBookings = findWebElements(findTestObject("Object Repository/CancelAndRefund/OrderListWithoutRefundedStatus"), 5).size(): null

2022-02-11 22:22:12 - [TEST_STEP][PASSED] - logInfo(Size of Active Bookings: $SizeofActiveBookings): Size of Active Bookings: 85

2022-02-11 22:22:12 - [MESSAGE][INFO] - Size of Active Bookings: 85

2022-02-11 22:22:12 - [TEST_STEP][PASSED] - for ([refund = 1, refund < SizeofActiveBookings, (refund++)]): Call Test Case 'Test Cases/StepToReUse/ActivityOverview-CancelOrder' successfully

2022-02-11 22:22:12 - [TEST_STEP][PASSED] - if (refund == 1): null

2022-02-11 22:22:12 - [TEST_STEP][PASSED] - refund = SizeofActiveBookings: null

2022-02-11 22:22:12 - [TEST_STEP][PASSED] - refundvalue = refund: null

2022-02-11 22:22:12 - [TEST_STEP][PASSED] - logInfo(Size of refund booking: $refund): Size of refund booking: 85

2022-02-11 22:22:12 - [MESSAGE][INFO] - Size of refund booking: 85

2022-02-11 22:22:12 - [TEST_STEP][PASSED] - scrollToElement(findTestObject("Object Repository/CancelAndRefund/OrderListWithoutRefundedStatus - Click", ["position":refund]), 15): Scroll to object 'Object Repository/CancelAndRefund/OrderListWithoutRefundedStatus - Click' successfully

2022-02-11 22:22:12 - [MESSAGE][PASSED] - Scroll to object 'Object Repository/CancelAndRefund/OrderListWithoutRefundedStatus - Click' successfully

2022-02-11 22:22:12 - [TEST_STEP][PASSED] - takeScreenshot(): Taking screenshot successfully

2022-02-11 22:22:12 - [MESSAGE][PASSED] - Taking screenshot successfully
[[ATTACHMENT|D:\\xampp\\htdocs\\training\\Training\\Rattan\\Final_testing\\New_ActivityOverview\\Reports\\20220211_221705\\CancelOrder-OnIframeView\\20220211_221719\\1644598332461.png]]

2022-02-11 22:22:12 - [TEST_STEP][PASSED] - orderId = findWebElement(findTestObject("Object Repository/GetOrderID/GetOrderID", ["position":refund])).getAttribute("data-order_id"): null

2022-02-11 22:22:12 - [TEST_STEP][PASSED] - orderId = orderId: null

2022-02-11 22:22:12 - [TEST_STEP][PASSED] - logInfo(Order ID: $orderId): Order ID: 164449722226379

2022-02-11 22:22:12 - [MESSAGE][INFO] - Order ID: 164449722226379

2022-02-11 22:22:12 - [TEST_STEP][PASSED] - click(findTestObject("Object Repository/GetOrderID/GetOrderID", ["position":refund])): Object: 'Object Repository/GetOrderID/GetOrderID' is clicked on

2022-02-11 22:22:16 - [MESSAGE][PASSED] - Object: 'Object Repository/GetOrderID/GetOrderID' is clicked on

2022-02-11 22:22:16 - [TEST_STEP][PASSED] - delay(20): Delayed 20 second(s)

2022-02-11 22:22:36 - [MESSAGE][PASSED] - Delayed 20 second(s)

2022-02-11 22:22:36 - [TEST_STEP][PASSED] - takeScreenshot(): Taking screenshot successfully

2022-02-11 22:22:36 - [MESSAGE][PASSED] - Taking screenshot successfully
[[ATTACHMENT|D:\\xampp\\htdocs\\training\\Training\\Rattan\\Final_testing\\New_ActivityOverview\\Reports\\20220211_221705\\CancelOrder-OnIframeView\\20220211_221719\\1644598356306.png]]

2022-02-11 22:22:36 - [TEST_STEP][PASSED] - callTestCase(findTestCase("Test Cases/StepToReUse/ActivityOverview-CancelOrder"), [:], CONTINUE_ON_FAILURE): Call Test Case 'Test Cases/StepToReUse/ActivityOverview-CancelOrder' successfully

2022-02-11 22:22:36 - [TEST_CASE][PASSED] - Test Cases/StepToReUse/ActivityOverview-CancelOrder: Test Cases/StepToReUse/ActivityOverview-CancelOrder

2022-02-11 22:22:40 - [TEST_STEP][PASSED] - logInfo(Refund Value: $GlobalVariable.refundvalue): Refund Value: 85

2022-02-11 22:22:40 - [MESSAGE][INFO] - Refund Value: 85

2022-02-11 22:22:40 - [TEST_STEP][PASSED] - if (waitForElementClickable(findTestObject("Object Repository/CancelAndRefund/CancelOrderButton"), 15) == true): Web element with id: 'Object Repository/CancelAndRefund/CancelOrderButton' located by '//a[@class='btn cancel-order ml8 cancel_order']' not found

2022-02-11 22:22:56 - [MESSAGE][INFO] - Unable to find the element located by 'By.xpath: //a[@class='btn cancel-order ml8 cancel_order']'. Please recheck the objects properties to make sure the desired element is located. 

2022-02-11 22:22:56 - [MESSAGE][WARNING] - [SELF-HEALING] Failed to find element with id 'Object Repository/CancelAndRefund/CancelOrderButton'. Try using Self-healing.

2022-02-11 22:22:57 - [MESSAGE][INFO] - [SELF-HEALING] No working XPath is found.

2022-02-11 22:22:58 - [MESSAGE][INFO] - Unable to find the element located by 'By.xpath: '. Please recheck the objects properties to make sure the desired element is located. 

2022-02-11 22:22:58 - [MESSAGE][WARNING] - [SELF-HEALING] Cannot find elements when the selector is null

2022-02-11 22:22:58 - [MESSAGE][WARNING] - Web element with id: 'Object Repository/CancelAndRefund/CancelOrderButton' located by '//a[@class='btn cancel-order ml8 cancel_order']' not found

2022-02-11 22:22:58 - [MESSAGE][PASSED] - Call Test Case 'Test Cases/StepToReUse/ActivityOverview-CancelOrder' successfully

2022-02-11 22:22:58 - [TEST_STEP][PASSED] - delay(13): Delayed 13 second(s)

2022-02-11 22:23:11 - [MESSAGE][PASSED] - Delayed 13 second(s)

2022-02-11 22:23:11 - [TEST_STEP][PASSED] - click(findTestObject("Object Repository/DetailPop-up/Backbutton/BackButtonToListing")): Object: 'Object Repository/DetailPop-up/Backbutton/BackButtonToListing' is clicked on

2022-02-11 22:23:15 - [MESSAGE][PASSED] - Object: 'Object Repository/DetailPop-up/Backbutton/BackButtonToListing' is clicked on

2022-02-11 22:23:15 - [TEST_STEP][PASSED] - delay(13): Delayed 13 second(s)

2022-02-11 22:23:28 - [MESSAGE][PASSED] - Delayed 13 second(s)

2022-02-11 22:23:28 - [TEST_STEP][PASSED] - if (l <= 5): null

2022-02-11 22:23:28 - [TEST_STEP][PASSED] - paginationvalue = l: null

2022-02-11 22:23:28 - [TEST_STEP][PASSED] - if (l > 5): null

2022-02-11 22:23:28 - [TEST_STEP][PASSED] - logInfo(Size of Pagination: $paginationvalue): Size of Pagination: 2

2022-02-11 22:23:28 - [MESSAGE][INFO] - Size of Pagination: 2

2022-02-11 22:23:28 - [TEST_STEP][PASSED] - click(findTestObject("Object Repository/PaginationCOunt/ClickOnPagination", ["pagination":paginationvalue])): Object: 'Object Repository/PaginationCOunt/ClickOnPagination' is clicked on

2022-02-11 22:23:32 - [MESSAGE][PASSED] - Object: 'Object Repository/PaginationCOunt/ClickOnPagination' is clicked on

2022-02-11 22:23:32 - [TEST_STEP][PASSED] - delay(20): Delayed 20 second(s)

2022-02-11 22:23:52 - [MESSAGE][PASSED] - Delayed 20 second(s)

2022-02-11 22:23:52 - [TEST_STEP][PASSED] - takeScreenshot(): Taking screenshot successfully

2022-02-11 22:23:52 - [MESSAGE][PASSED] - Taking screenshot successfully
[[ATTACHMENT|D:\\xampp\\htdocs\\training\\Training\\Rattan\\Final_testing\\New_ActivityOverview\\Reports\\20220211_221705\\CancelOrder-OnIframeView\\20220211_221719\\1644598432252.png]]

2022-02-11 22:23:52 - [TEST_STEP][PASSED] - SizeofActiveBookings = findWebElements(findTestObject("Object Repository/CancelAndRefund/OrderListWithoutRefundedStatus"), 5).size(): null

2022-02-11 22:23:52 - [TEST_STEP][PASSED] - logInfo(Size of Active Bookings: $SizeofActiveBookings): Size of Active Bookings: 79

2022-02-11 22:23:52 - [MESSAGE][INFO] - Size of Active Bookings: 79

2022-02-11 22:23:52 - [TEST_STEP][PASSED] - for ([refund = 1, refund < SizeofActiveBookings, (refund++)]): Call Test Case 'Test Cases/StepToReUse/ActivityOverview-CancelOrder' successfully

2022-02-11 22:23:52 - [TEST_STEP][PASSED] - if (refund == 1): null

2022-02-11 22:23:52 - [TEST_STEP][PASSED] - refund = SizeofActiveBookings: null

2022-02-11 22:23:52 - [TEST_STEP][PASSED] - refundvalue = refund: null

2022-02-11 22:23:52 - [TEST_STEP][PASSED] - logInfo(Size of refund booking: $refund): Size of refund booking: 79

2022-02-11 22:23:52 - [MESSAGE][INFO] - Size of refund booking: 79

2022-02-11 22:23:52 - [TEST_STEP][PASSED] - scrollToElement(findTestObject("Object Repository/CancelAndRefund/OrderListWithoutRefundedStatus - Click", ["position":refund]), 15): Scroll to object 'Object Repository/CancelAndRefund/OrderListWithoutRefundedStatus - Click' successfully

2022-02-11 22:23:53 - [MESSAGE][PASSED] - Scroll to object 'Object Repository/CancelAndRefund/OrderListWithoutRefundedStatus - Click' successfully

2022-02-11 22:23:53 - [TEST_STEP][PASSED] - takeScreenshot(): Taking screenshot successfully

2022-02-11 22:23:53 - [MESSAGE][PASSED] - Taking screenshot successfully
[[ATTACHMENT|D:\\xampp\\htdocs\\training\\Training\\Rattan\\Final_testing\\New_ActivityOverview\\Reports\\20220211_221705\\CancelOrder-OnIframeView\\20220211_221719\\1644598433370.png]]

2022-02-11 22:23:53 - [TEST_STEP][PASSED] - orderId = findWebElement(findTestObject("Object Repository/GetOrderID/GetOrderID", ["position":refund])).getAttribute("data-order_id"): null

2022-02-11 22:23:53 - [TEST_STEP][PASSED] - orderId = orderId: null

2022-02-11 22:23:53 - [TEST_STEP][PASSED] - logInfo(Order ID: $orderId): Order ID: 164440489862832

2022-02-11 22:23:53 - [MESSAGE][INFO] - Order ID: 164440489862832

2022-02-11 22:23:53 - [TEST_STEP][PASSED] - click(findTestObject("Object Repository/GetOrderID/GetOrderID", ["position":refund])): Object: 'Object Repository/GetOrderID/GetOrderID' is clicked on

2022-02-11 22:23:57 - [MESSAGE][PASSED] - Object: 'Object Repository/GetOrderID/GetOrderID' is clicked on

2022-02-11 22:23:57 - [TEST_STEP][PASSED] - delay(20): Delayed 20 second(s)

2022-02-11 22:24:17 - [MESSAGE][PASSED] - Delayed 20 second(s)

2022-02-11 22:24:17 - [TEST_STEP][PASSED] - takeScreenshot(): Taking screenshot successfully

2022-02-11 22:24:19 - [MESSAGE][PASSED] - Taking screenshot successfully
[[ATTACHMENT|D:\\xampp\\htdocs\\training\\Training\\Rattan\\Final_testing\\New_ActivityOverview\\Reports\\20220211_221705\\CancelOrder-OnIframeView\\20220211_221719\\1644598458356.png]]

2022-02-11 22:24:19 - [TEST_STEP][PASSED] - callTestCase(findTestCase("Test Cases/StepToReUse/ActivityOverview-CancelOrder"), [:], CONTINUE_ON_FAILURE): Call Test Case 'Test Cases/StepToReUse/ActivityOverview-CancelOrder' successfully

2022-02-11 22:24:19 - [TEST_CASE][PASSED] - Test Cases/StepToReUse/ActivityOverview-CancelOrder: Test Cases/StepToReUse/ActivityOverview-CancelOrder

2022-02-11 22:24:19 - [TEST_STEP][PASSED] - logInfo(Refund Value: $GlobalVariable.refundvalue): Refund Value: 79

2022-02-11 22:24:19 - [MESSAGE][INFO] - Refund Value: 79

2022-02-11 22:24:19 - [TEST_STEP][PASSED] - if (waitForElementClickable(findTestObject("Object Repository/CancelAndRefund/CancelOrderButton"), 15) == true): null

2022-02-11 22:24:20 - [MESSAGE][PASSED] - Object 'Object Repository/CancelAndRefund/CancelOrderButton' is clickable

2022-02-11 22:24:20 - [TEST_STEP][PASSED] - scrollToElement(findTestObject("Object Repository/CancelAndRefund/CancelOrderButton"), 15): Scroll to object 'Object Repository/CancelAndRefund/CancelOrderButton' successfully

2022-02-11 22:24:20 - [MESSAGE][PASSED] - Scroll to object 'Object Repository/CancelAndRefund/CancelOrderButton' successfully

2022-02-11 22:24:20 - [TEST_STEP][PASSED] - click(findTestObject("Object Repository/CancelAndRefund/CancelOrderButton")): Object: 'Object Repository/CancelAndRefund/CancelOrderButton' is clicked on

2022-02-11 22:24:25 - [MESSAGE][PASSED] - Object: 'Object Repository/CancelAndRefund/CancelOrderButton' is clicked on

2022-02-11 22:24:25 - [TEST_STEP][PASSED] - delay(3): Delayed 3 second(s)

2022-02-11 22:24:28 - [MESSAGE][PASSED] - Delayed 3 second(s)

2022-02-11 22:24:28 - [TEST_STEP][PASSED] - takeScreenshot(): Taking screenshot successfully

2022-02-11 22:24:31 - [MESSAGE][PASSED] - Taking screenshot successfully
[[ATTACHMENT|D:\\xampp\\htdocs\\training\\Training\\Rattan\\Final_testing\\New_ActivityOverview\\Reports\\20220211_221705\\CancelOrder-OnIframeView\\20220211_221719\\1644598468178.png]]

2022-02-11 22:24:31 - [TEST_STEP][PASSED] - if (waitForElementClickable(findTestObject("Object Repository/CancelAndRefund/CancelButton - OnRefundPop-up"), 15) == true): null

2022-02-11 22:24:32 - [MESSAGE][PASSED] - Object 'Object Repository/CancelAndRefund/CancelButton - OnRefundPop-up' is clickable

2022-02-11 22:24:32 - [TEST_STEP][PASSED] - click(findTestObject("Object Repository/CancelAndRefund/CancelButton - OnRefundPop-up")): Object: 'Object Repository/CancelAndRefund/CancelButton - OnRefundPop-up' is clicked on

2022-02-11 22:24:35 - [MESSAGE][PASSED] - Object: 'Object Repository/CancelAndRefund/CancelButton - OnRefundPop-up' is clicked on

2022-02-11 22:24:35 - [TEST_STEP][PASSED] - delay(3): Delayed 3 second(s)

2022-02-11 22:24:38 - [MESSAGE][PASSED] - Delayed 3 second(s)

2022-02-11 22:24:38 - [TEST_STEP][PASSED] - takeScreenshot(): Taking screenshot successfully

2022-02-11 22:24:38 - [MESSAGE][PASSED] - Taking screenshot successfully
[[ATTACHMENT|D:\\xampp\\htdocs\\training\\Training\\Rattan\\Final_testing\\New_ActivityOverview\\Reports\\20220211_221705\\CancelOrder-OnIframeView\\20220211_221719\\1644598478501.png]]

2022-02-11 22:24:38 - [TEST_STEP][PASSED] - click(findTestObject("Object Repository/CancelAndRefund/CancelOrderButton")): Object: 'Object Repository/CancelAndRefund/CancelOrderButton' is clicked on

2022-02-11 22:24:42 - [MESSAGE][PASSED] - Object: 'Object Repository/CancelAndRefund/CancelOrderButton' is clicked on

2022-02-11 22:24:42 - [TEST_STEP][PASSED] - if (refundvalue < 4): null

2022-02-11 22:24:42 - [TEST_STEP][PASSED] - if (refundvalue <= 6 && refundvalue >= 4): null

2022-02-11 22:24:42 - [TEST_STEP][PASSED] - if (refundvalue > 6): Object 'Object Repository/CancelAndRefund/RefundOptionRadio' is not visible after 15 second(s)

2022-02-11 22:24:42 - [TEST_STEP][PASSED] - if (waitForElementVisible(findTestObject("Object Repository/CancelAndRefund/RefundOptionRadio"), 15) == true): Object 'Object Repository/CancelAndRefund/RefundOptionRadio' is not visible after 15 second(s)

2022-02-11 22:24:57 - [MESSAGE][WARNING] - Object 'Object Repository/CancelAndRefund/RefundOptionRadio' is not visible after 15 second(s)

2022-02-11 22:24:57 - [TEST_STEP][PASSED] - setText(findTestObject("Object Repository/CancelAndRefund/ReasonForCancellation"), CancellationReason): Text 'Order Refunded to Test Automation Testing Under Katalon' is set on object 'Object Repository/CancelAndRefund/ReasonForCancellation'

2022-02-11 22:25:05 - [MESSAGE][PASSED] - Text 'Order Refunded to Test Automation Testing Under Katalon' is set on object 'Object Repository/CancelAndRefund/ReasonForCancellation'

2022-02-11 22:25:05 - [TEST_STEP][PASSED] - click(findTestObject("Object Repository/CancelAndRefund/ConfirmCancellationButton")): Object: 'Object Repository/CancelAndRefund/ConfirmCancellationButton' is clicked on

2022-02-11 22:25:08 - [MESSAGE][PASSED] - Object: 'Object Repository/CancelAndRefund/ConfirmCancellationButton' is clicked on

2022-02-11 22:25:08 - [TEST_STEP][PASSED] - delay(3): Delayed 3 second(s)

2022-02-11 22:25:11 - [MESSAGE][PASSED] - Delayed 3 second(s)

2022-02-11 22:25:11 - [TEST_STEP][PASSED] - takeScreenshot(): Taking screenshot successfully

2022-02-11 22:25:16 - [MESSAGE][PASSED] - Taking screenshot successfully
[[ATTACHMENT|D:\\xampp\\htdocs\\training\\Training\\Rattan\\Final_testing\\New_ActivityOverview\\Reports\\20220211_221705\\CancelOrder-OnIframeView\\20220211_221719\\1644598511936.png]]

2022-02-11 22:25:16 - [MESSAGE][PASSED] - Call Test Case 'Test Cases/StepToReUse/ActivityOverview-CancelOrder' successfully

2022-02-11 22:25:16 - [TEST_STEP][PASSED] - delay(13): Delayed 13 second(s)

2022-02-11 22:25:29 - [MESSAGE][PASSED] - Delayed 13 second(s)

2022-02-11 22:25:29 - [TEST_STEP][PASSED] - click(findTestObject("Object Repository/DetailPop-up/Backbutton/BackButtonToListing")): Object: 'Object Repository/DetailPop-up/Backbutton/BackButtonToListing' is clicked on

2022-02-11 22:25:33 - [MESSAGE][PASSED] - Object: 'Object Repository/DetailPop-up/Backbutton/BackButtonToListing' is clicked on

2022-02-11 22:25:33 - [TEST_STEP][PASSED] - delay(13): Delayed 13 second(s)

2022-02-11 22:25:46 - [MESSAGE][PASSED] - Delayed 13 second(s)]]></system-out>
         <system-err><![CDATA[]]></system-err>
      </testcase>
      <system-out><![CDATA[2022-02-11 22:19:11 - [TEST_SUITE][PASSED] - CancelOrder-OnIframeView: Test Cases/NewActivityOverview-LeftNavigation/ActivityOverview-CancelOrder-GetOrderIDAndRefund]]></system-out>
      <system-err><![CDATA[]]></system-err>
   </testsuite>
</testsuites>
