<?xml version="1.0" encoding="UTF-8"?>
<testsuites name="Refund-Order-Main" time="712.139" tests="1" failures="0" errors="0">
   <testsuite name="Refund-Order-Main" tests="1" failures="0" errors="0" time="712.139" skipped="0" timestamp="2022-02-14 12:55:46" hostname="intersoft-admin - intersoftadmin-desktop" id="Test Suites/Refund-Order-Main">
      <properties>
[...]
</properties>
      <testcase name="Test Cases/NewActivityOverview-LeftNavigation/ActivityOverview-RefundOrder-GetOrderIDAndRefund" time="711.866" classname="Test Cases/NewActivityOverview-LeftNavigation/ActivityOverview-RefundOrder-GetOrderIDAndRefund" status="PASSED">
         <system-out><![CDATA[2022-02-14 12:55:46 - [TEST_CASE][PASSED] - Test Cases/NewActivityOverview-LeftNavigation/ActivityOverview-RefundOrder-GetOrderIDAndRefund: Test Cases/NewActivityOverview-LeftNavigation/ActivityOverview-RefundOrder-GetOrderIDAndRefund

2022-02-14 12:55:46 - [TEST_STEP][PASSED] - callTestCase(findTestCase("LoginWithSuperAdmin/SuperAdmin-Login"), [:], STOP_ON_FAILURE): Call Test Case 'Test Cases/LoginWithSuperAdmin/SuperAdmin-Login' successfully

2022-02-14 12:55:46 - [TEST_CASE][PASSED] - Test Cases/LoginWithSuperAdmin/SuperAdmin-Login: Test Cases/LoginWithSuperAdmin/SuperAdmin-Login

2022-02-14 12:55:47 - [TEST_STEP][PASSED] - openBrowser(""): Browser is opened with url: ''

2022-02-14 12:55:47 - [MESSAGE][INFO] - Starting 'Chrome' driver

2022-02-14 12:55:47 - [MESSAGE][INFO] - Action delay is set to 3,000 milliseconds

2022-02-14 12:55:48 - [MESSAGE][PASSED] - Browser is opened with url: ''

2022-02-14 12:55:48 - [TEST_STEP][PASSED] - setViewPortSize(1920, 1080): Viewport is set to new size with width = 1920 and height = 1080

2022-02-14 12:55:49 - [MESSAGE][PASSED] - Viewport is set to new size with width = 1920 and height = 1080

2022-02-14 12:55:49 - [TEST_STEP][PASSED] - navigateToUrl(URL): Navigate to 'https://marketplacev1.test-prio.com' successfully

2022-02-14 12:55:54 - [MESSAGE][PASSED] - Navigate to 'https://marketplacev1.test-prio.com' successfully

2022-02-14 12:55:54 - [TEST_STEP][PASSED] - delay(3): Delayed 3 second(s)

2022-02-14 12:55:57 - [MESSAGE][PASSED] - Delayed 3 second(s)

2022-02-14 12:55:57 - [TEST_STEP][PASSED] - click(findTestObject("SuperAdmin/Login/input_Email_contact_email")): Object: 'Object Repository/SuperAdmin/Login/input_Email_contact_email' is clicked on

2022-02-14 12:56:00 - [MESSAGE][PASSED] - Object: 'Object Repository/SuperAdmin/Login/input_Email_contact_email' is clicked on

2022-02-14 12:56:00 - [TEST_STEP][PASSED] - setText(findTestObject("SuperAdmin/Login/input_Email_contact_email"), uname): Text 'superadmin@tippoint.com' is set on object 'Object Repository/SuperAdmin/Login/input_Email_contact_email'

2022-02-14 12:56:07 - [MESSAGE][PASSED] - Text 'superadmin@tippoint.com' is set on object 'Object Repository/SuperAdmin/Login/input_Email_contact_email'

2022-02-14 12:56:07 - [TEST_STEP][PASSED] - setEncryptedText(findTestObject("SuperAdmin/Login/input_Password_password"), Password): Text ****** has been set on object 'Object Repository/SuperAdmin/Login/input_Password_password'

2022-02-14 12:56:13 - [MESSAGE][PASSED] - Text ****** has been set on object 'Object Repository/SuperAdmin/Login/input_Password_password'

2022-02-14 12:56:13 - [TEST_STEP][PASSED] - takeScreenshot(): Taking screenshot successfully

2022-02-14 12:56:14 - [MESSAGE][PASSED] - Taking screenshot successfully
[[ATTACHMENT|/home/intersoft-admin/Rattan/Bash/Training/Rattan/Final_testing/New_ActivityOverview/Reports/20220214_115757/Refund-Order-Main/20220214_115806/1644823573926.png]]

2022-02-14 12:56:14 - [TEST_STEP][PASSED] - newpackage.clickUsingJS.clickUsingJS(findTestObject("SuperAdmin/Login/button_Sign in"), 5): newpackage.clickUsingJS.clickUsingJS is PASSED

2022-02-14 12:56:14 - [MESSAGE][PASSED] - newpackage.clickUsingJS.clickUsingJS is PASSED

2022-02-14 12:56:14 - [MESSAGE][PASSED] - Call Test Case 'Test Cases/LoginWithSuperAdmin/SuperAdmin-Login' successfully

2022-02-14 12:56:14 - [TEST_STEP][PASSED] - switchToDefaultContent(): null

2022-02-14 12:56:14 - [TEST_STEP][PASSED] - click(findTestObject("SuperAdminLeftNavigation/NewActivityOverview-LeftNavigation")): Object: 'Object Repository/SuperAdminLeftNavigation/NewActivityOverview-LeftNavigation' is clicked on

2022-02-14 12:56:27 - [MESSAGE][PASSED] - Object: 'Object Repository/SuperAdminLeftNavigation/NewActivityOverview-LeftNavigation' is clicked on

2022-02-14 12:56:27 - [TEST_STEP][PASSED] - takeScreenshot(): Taking screenshot successfully

2022-02-14 12:56:28 - [MESSAGE][PASSED] - Taking screenshot successfully
[[ATTACHMENT|/home/intersoft-admin/Rattan/Bash/Training/Rattan/Final_testing/New_ActivityOverview/Reports/20220214_115757/Refund-Order-Main/20220214_115806/1644823588838.png]]

2022-02-14 12:56:28 - [TEST_STEP][PASSED] - switchToFrame(findTestObject("Object Repository/Iframe/NewActivityOverviewIframe"), 5): null

2022-02-14 12:56:29 - [TEST_STEP][PASSED] - delay(10): Delayed 10 second(s)

2022-02-14 12:56:39 - [MESSAGE][PASSED] - Delayed 10 second(s)

2022-02-14 12:56:39 - [TEST_STEP][PASSED] - takeScreenshot(): Taking screenshot successfully

2022-02-14 12:56:39 - [MESSAGE][PASSED] - Taking screenshot successfully
[[ATTACHMENT|/home/intersoft-admin/Rattan/Bash/Training/Rattan/Final_testing/New_ActivityOverview/Reports/20220214_115757/Refund-Order-Main/20220214_115806/1644823599291.png]]

2022-02-14 12:56:39 - [TEST_STEP][PASSED] - sizeoflisting = findWebElements(findTestObject("ListingArea/ListingContainsData"), 5).size(): null

2022-02-14 12:56:39 - [TEST_STEP][PASSED] - println(sizeoflisting): null

2022-02-14 12:56:39 - [TEST_STEP][PASSED] - logInfo(Size of Order Listing: $sizeoflisting): Size of Order Listing: 11

2022-02-14 12:56:39 - [MESSAGE][INFO] - Size of Order Listing: 11

2022-02-14 12:56:39 - [TEST_STEP][PASSED] - if (sizeoflisting > 2): Delayed 13 second(s)

2022-02-14 12:56:39 - [TEST_STEP][PASSED] - logInfo("Orders Exist in Listing"): Orders Exist in Listing

2022-02-14 12:56:39 - [MESSAGE][INFO] - Orders Exist in Listing

2022-02-14 12:56:39 - [TEST_STEP][PASSED] - click(findTestObject("Object Repository/OrderPerPage/OrderPerPage_select")): Object: 'Object Repository/OrderPerPage/OrderPerPage_select' is clicked on

2022-02-14 12:56:42 - [MESSAGE][PASSED] - Object: 'Object Repository/OrderPerPage/OrderPerPage_select' is clicked on

2022-02-14 12:56:42 - [TEST_STEP][PASSED] - delay(5): Delayed 5 second(s)

2022-02-14 12:56:47 - [MESSAGE][PASSED] - Delayed 5 second(s)

2022-02-14 12:56:47 - [TEST_STEP][PASSED] - click(findTestObject("Object Repository/OrderPerPage/OrderPerPage-SelectOption")): Object: 'Object Repository/OrderPerPage/OrderPerPage-SelectOption' is clicked on

2022-02-14 12:56:50 - [MESSAGE][PASSED] - Object: 'Object Repository/OrderPerPage/OrderPerPage-SelectOption' is clicked on

2022-02-14 12:56:50 - [TEST_STEP][PASSED] - delay(20): Delayed 20 second(s)

2022-02-14 12:57:10 - [MESSAGE][PASSED] - Delayed 20 second(s)

2022-02-14 12:57:10 - [TEST_STEP][PASSED] - takeScreenshot(): Taking screenshot successfully

2022-02-14 12:57:10 - [MESSAGE][PASSED] - Taking screenshot successfully
[[ATTACHMENT|/home/intersoft-admin/Rattan/Bash/Training/Rattan/Final_testing/New_ActivityOverview/Reports/20220214_115757/Refund-Order-Main/20220214_115806/1644823630870.png]]

2022-02-14 12:57:10 - [TEST_STEP][PASSED] - SizeofPagination = getText(findTestObject("Object Repository/PaginationCOunt/PaginationCount")): Text of object 'Object Repository/PaginationCOunt/PaginationCount' is: '100'

2022-02-14 12:57:11 - [MESSAGE][PASSED] - Text of object 'Object Repository/PaginationCOunt/PaginationCount' is: '100'

2022-02-14 12:57:11 - [TEST_STEP][PASSED] - println(SizeofPagination): null

2022-02-14 12:57:11 - [TEST_STEP][PASSED] - paginationmaxcount = Integer.parseInt(SizeofPagination): null

2022-02-14 12:57:11 - [TEST_STEP][PASSED] - paginationmaxcount = pagination: null

2022-02-14 12:57:11 - [TEST_STEP][PASSED] - logInfo(Size of Pagination: $paginationmaxcount): Size of Pagination: 5

2022-02-14 12:57:11 - [MESSAGE][INFO] - Size of Pagination: 5

2022-02-14 12:57:11 - [TEST_STEP][PASSED] - totalrecords = 0: null

2022-02-14 12:57:11 - [TEST_STEP][PASSED] - for ([l = 1, l <= paginationmaxcount, (l++)]): Delayed 13 second(s)

2022-02-14 12:57:11 - [TEST_STEP][PASSED] - if (l <= 5): null

2022-02-14 12:57:11 - [TEST_STEP][PASSED] - paginationvalue = l: null

2022-02-14 12:57:11 - [TEST_STEP][PASSED] - if (l > 5): null

2022-02-14 12:57:11 - [TEST_STEP][PASSED] - logInfo(Size of Pagination: $paginationvalue): Size of Pagination: 1

2022-02-14 12:57:11 - [MESSAGE][INFO] - Size of Pagination: 1

2022-02-14 12:57:11 - [TEST_STEP][PASSED] - click(findTestObject("Object Repository/PaginationCOunt/ClickOnPagination", ["pagination":paginationvalue])): Object: 'Object Repository/PaginationCOunt/ClickOnPagination' is clicked on

2022-02-14 12:57:14 - [MESSAGE][PASSED] - Object: 'Object Repository/PaginationCOunt/ClickOnPagination' is clicked on

2022-02-14 12:57:14 - [TEST_STEP][PASSED] - delay(20): Delayed 20 second(s)

2022-02-14 12:57:34 - [MESSAGE][PASSED] - Delayed 20 second(s)

2022-02-14 12:57:34 - [TEST_STEP][PASSED] - takeScreenshot(): Taking screenshot successfully

2022-02-14 12:57:34 - [MESSAGE][PASSED] - Taking screenshot successfully
[[ATTACHMENT|/home/intersoft-admin/Rattan/Bash/Training/Rattan/Final_testing/New_ActivityOverview/Reports/20220214_115757/Refund-Order-Main/20220214_115806/1644823654234.png]]

2022-02-14 12:57:34 - [TEST_STEP][PASSED] - SizeofActiveBookings = findWebElements(findTestObject("Object Repository/CancelAndRefund/OrderListWithoutRefundedStatus"), 5).size(): null

2022-02-14 12:57:34 - [TEST_STEP][PASSED] - logInfo(Size of Active Bookings: $SizeofActiveBookings): Size of Active Bookings: 84

2022-02-14 12:57:34 - [MESSAGE][INFO] - Size of Active Bookings: 84

2022-02-14 12:57:34 - [TEST_STEP][PASSED] - for ([refund = 1, refund < SizeofActiveBookings, (refund++)]): null

2022-02-14 12:57:34 - [TEST_STEP][PASSED] - if (refund == 1): null

2022-02-14 12:57:34 - [TEST_STEP][PASSED] - refund = SizeofActiveBookings: null

2022-02-14 12:57:34 - [TEST_STEP][PASSED] - refundvalue = refund: null

2022-02-14 12:57:34 - [TEST_STEP][PASSED] - logInfo(Size of refund booking: $refund): Size of refund booking: 84

2022-02-14 12:57:34 - [MESSAGE][INFO] - Size of refund booking: 84

2022-02-14 12:57:34 - [TEST_STEP][PASSED] - scrollToElement(findTestObject("Object Repository/CancelAndRefund/OrderListWithoutRefundedStatus - Click", ["position":refund]), 15): Scroll to object 'Object Repository/CancelAndRefund/OrderListWithoutRefundedStatus - Click' successfully

2022-02-14 12:57:34 - [MESSAGE][PASSED] - Scroll to object 'Object Repository/CancelAndRefund/OrderListWithoutRefundedStatus - Click' successfully

2022-02-14 12:57:34 - [TEST_STEP][PASSED] - takeScreenshot(): Taking screenshot successfully

2022-02-14 12:57:34 - [MESSAGE][PASSED] - Taking screenshot successfully
[[ATTACHMENT|/home/intersoft-admin/Rattan/Bash/Training/Rattan/Final_testing/New_ActivityOverview/Reports/20220214_115757/Refund-Order-Main/20220214_115806/1644823654586.png]]

2022-02-14 12:57:34 - [TEST_STEP][PASSED] - orderId = findWebElement(findTestObject("Object Repository/GetOrderID/GetOrderID", ["position":refund])).getAttribute("data-order_id"): null

2022-02-14 12:57:34 - [TEST_STEP][PASSED] - orderId = orderId: null

2022-02-14 12:57:34 - [TEST_STEP][PASSED] - logInfo(Order ID: $orderId): Order ID: 164464234948255

2022-02-14 12:57:34 - [MESSAGE][INFO] - Order ID: 164464234948255

2022-02-14 12:57:34 - [TEST_STEP][PASSED] - click(findTestObject("Object Repository/GetOrderID/GetOrderID", ["position":refund])): Object: 'Object Repository/GetOrderID/GetOrderID' is clicked on

2022-02-14 12:57:37 - [MESSAGE][PASSED] - Object: 'Object Repository/GetOrderID/GetOrderID' is clicked on

2022-02-14 12:57:37 - [TEST_STEP][PASSED] - delay(20): Delayed 20 second(s)

2022-02-14 12:57:57 - [MESSAGE][PASSED] - Delayed 20 second(s)

2022-02-14 12:57:57 - [TEST_STEP][PASSED] - takeScreenshot(): Taking screenshot successfully

2022-02-14 12:57:58 - [MESSAGE][PASSED] - Taking screenshot successfully
[[ATTACHMENT|/home/intersoft-admin/Rattan/Bash/Training/Rattan/Final_testing/New_ActivityOverview/Reports/20220214_115757/Refund-Order-Main/20220214_115806/1644823677985.png]]

2022-02-14 12:57:58 - [TEST_STEP][PASSED] - if (waitForElementVisible(findTestObject("Object Repository/DetailPop-up/MoreActions/MoreOptionSelect"), 15) == true): null

2022-02-14 12:57:58 - [MESSAGE][PASSED] - Object 'Object Repository/DetailPop-up/MoreActions/MoreOptionSelect' is visible

2022-02-14 12:57:58 - [TEST_STEP][PASSED] - click(findTestObject("Object Repository/DetailPop-up/MoreActions/MoreOptionSelect")): Object: 'Object Repository/DetailPop-up/MoreActions/MoreOptionSelect' is clicked on

2022-02-14 12:58:01 - [MESSAGE][PASSED] - Object: 'Object Repository/DetailPop-up/MoreActions/MoreOptionSelect' is clicked on

2022-02-14 12:58:01 - [TEST_STEP][PASSED] - delay(1): Delayed 1 second(s)

2022-02-14 12:58:02 - [MESSAGE][PASSED] - Delayed 1 second(s)

2022-02-14 12:58:02 - [TEST_STEP][PASSED] - takeScreenshot(): Taking screenshot successfully

2022-02-14 12:58:02 - [MESSAGE][PASSED] - Taking screenshot successfully
[[ATTACHMENT|/home/intersoft-admin/Rattan/Bash/Training/Rattan/Final_testing/New_ActivityOverview/Reports/20220214_115757/Refund-Order-Main/20220214_115806/1644823682447.png]]

2022-02-14 12:58:02 - [TEST_STEP][PASSED] - if (waitForElementVisible(findTestObject("Object Repository/DetailPop-up/MoreActions/MoreAction-SelectOptions", ["action":"Refund"]), 15) == true): null

2022-02-14 12:58:02 - [MESSAGE][PASSED] - Object 'Object Repository/DetailPop-up/MoreActions/MoreAction-SelectOptions' is visible

2022-02-14 12:58:02 - [TEST_STEP][PASSED] - click(findTestObject("Object Repository/DetailPop-up/MoreActions/MoreAction-SelectOptions", ["action":"Refund"])): Object: 'Object Repository/DetailPop-up/MoreActions/MoreAction-SelectOptions' is clicked on

2022-02-14 12:58:05 - [MESSAGE][PASSED] - Object: 'Object Repository/DetailPop-up/MoreActions/MoreAction-SelectOptions' is clicked on

2022-02-14 12:58:05 - [TEST_STEP][PASSED] - delay(1): Delayed 1 second(s)

2022-02-14 12:58:06 - [MESSAGE][PASSED] - Delayed 1 second(s)

2022-02-14 12:58:06 - [TEST_STEP][PASSED] - takeScreenshot(): Taking screenshot successfully

2022-02-14 12:58:07 - [MESSAGE][PASSED] - Taking screenshot successfully
[[ATTACHMENT|/home/intersoft-admin/Rattan/Bash/Training/Rattan/Final_testing/New_ActivityOverview/Reports/20220214_115757/Refund-Order-Main/20220214_115806/1644823686866.png]]

2022-02-14 12:58:07 - [TEST_STEP][PASSED] - setText(findTestObject("Object Repository/DetailPop-up/MoreActions/RefundReason"), CancellationReason): Text 'Order Refunded to Test Automation Testing Under Katalon' is set on object 'Object Repository/DetailPop-up/MoreActions/RefundReason'

2022-02-14 12:58:13 - [MESSAGE][PASSED] - Text 'Order Refunded to Test Automation Testing Under Katalon' is set on object 'Object Repository/DetailPop-up/MoreActions/RefundReason'

2022-02-14 12:58:13 - [TEST_STEP][PASSED] - delay(1): Delayed 1 second(s)

2022-02-14 12:58:14 - [MESSAGE][PASSED] - Delayed 1 second(s)

2022-02-14 12:58:14 - [TEST_STEP][PASSED] - takeScreenshot(): Taking screenshot successfully

2022-02-14 12:58:14 - [MESSAGE][PASSED] - Taking screenshot successfully
[[ATTACHMENT|/home/intersoft-admin/Rattan/Bash/Training/Rattan/Final_testing/New_ActivityOverview/Reports/20220214_115757/Refund-Order-Main/20220214_115806/1644823694305.png]]

2022-02-14 12:58:14 - [TEST_STEP][PASSED] - click(findTestObject("Object Repository/DetailPop-up/MoreActions/confirmRefundOrder")): Object: 'Object Repository/DetailPop-up/MoreActions/confirmRefundOrder' is clicked on

2022-02-14 12:58:17 - [MESSAGE][PASSED] - Object: 'Object Repository/DetailPop-up/MoreActions/confirmRefundOrder' is clicked on

2022-02-14 12:58:17 - [TEST_STEP][PASSED] - delay(1): Delayed 1 second(s)

2022-02-14 12:58:18 - [MESSAGE][PASSED] - Delayed 1 second(s)

2022-02-14 12:58:18 - [TEST_STEP][PASSED] - takeScreenshot(): Taking screenshot successfully

2022-02-14 12:58:18 - [MESSAGE][PASSED] - Taking screenshot successfully
[[ATTACHMENT|/home/intersoft-admin/Rattan/Bash/Training/Rattan/Final_testing/New_ActivityOverview/Reports/20220214_115757/Refund-Order-Main/20220214_115806/1644823698616.png]]

2022-02-14 12:58:18 - [TEST_STEP][PASSED] - delay(12): Delayed 12 second(s)

2022-02-14 12:58:30 - [MESSAGE][PASSED] - Delayed 12 second(s)

2022-02-14 12:58:30 - [TEST_STEP][PASSED] - if (waitForElementVisible(findTestObject("Object Repository/DetailPop-up/MoreActions/CancelRefundButton"), 15) == true): Object 'Object Repository/DetailPop-up/MoreActions/CancelRefundButton' is not visible after 15 second(s)

2022-02-14 12:58:46 - [MESSAGE][WARNING] - Object 'Object Repository/DetailPop-up/MoreActions/CancelRefundButton' is not visible after 15 second(s)

2022-02-14 12:58:46 - [TEST_STEP][PASSED] - delay(13): Delayed 13 second(s)

2022-02-14 12:58:59 - [MESSAGE][PASSED] - Delayed 13 second(s)

2022-02-14 12:58:59 - [TEST_STEP][PASSED] - click(findTestObject("Object Repository/DetailPop-up/Backbutton/BackButtonToListing")): Object: 'Object Repository/DetailPop-up/Backbutton/BackButtonToListing' is clicked on

2022-02-14 12:59:02 - [MESSAGE][PASSED] - Object: 'Object Repository/DetailPop-up/Backbutton/BackButtonToListing' is clicked on

2022-02-14 12:59:02 - [TEST_STEP][PASSED] - delay(1): Delayed 1 second(s)

2022-02-14 12:59:03 - [MESSAGE][PASSED] - Delayed 1 second(s)

2022-02-14 12:59:03 - [TEST_STEP][PASSED] - takeScreenshot(): Taking screenshot successfully

2022-02-14 12:59:03 - [MESSAGE][PASSED] - Taking screenshot successfully
[[ATTACHMENT|/home/intersoft-admin/Rattan/Bash/Training/Rattan/Final_testing/New_ActivityOverview/Reports/20220214_115757/Refund-Order-Main/20220214_115806/1644823743437.png]]

2022-02-14 12:59:03 - [TEST_STEP][PASSED] - delay(13): Delayed 13 second(s)

2022-02-14 12:59:16 - [MESSAGE][PASSED] - Delayed 13 second(s)

2022-02-14 12:59:16 - [TEST_STEP][PASSED] - if (l <= 5): null

2022-02-14 12:59:16 - [TEST_STEP][PASSED] - paginationvalue = l: null

2022-02-14 12:59:16 - [TEST_STEP][PASSED] - if (l > 5): null

2022-02-14 12:59:16 - [TEST_STEP][PASSED] - logInfo(Size of Pagination: $paginationvalue): Size of Pagination: 2

2022-02-14 12:59:16 - [MESSAGE][INFO] - Size of Pagination: 2

2022-02-14 12:59:16 - [TEST_STEP][PASSED] - click(findTestObject("Object Repository/PaginationCOunt/ClickOnPagination", ["pagination":paginationvalue])): Object: 'Object Repository/PaginationCOunt/ClickOnPagination' is clicked on

2022-02-14 12:59:19 - [MESSAGE][PASSED] - Object: 'Object Repository/PaginationCOunt/ClickOnPagination' is clicked on

2022-02-14 12:59:19 - [TEST_STEP][PASSED] - delay(20): Delayed 20 second(s)

2022-02-14 12:59:39 - [MESSAGE][PASSED] - Delayed 20 second(s)

2022-02-14 12:59:39 - [TEST_STEP][PASSED] - takeScreenshot(): Taking screenshot successfully

2022-02-14 12:59:39 - [MESSAGE][PASSED] - Taking screenshot successfully
[[ATTACHMENT|/home/intersoft-admin/Rattan/Bash/Training/Rattan/Final_testing/New_ActivityOverview/Reports/20220214_115757/Refund-Order-Main/20220214_115806/1644823779786.png]]

2022-02-14 12:59:39 - [TEST_STEP][PASSED] - SizeofActiveBookings = findWebElements(findTestObject("Object Repository/CancelAndRefund/OrderListWithoutRefundedStatus"), 5).size(): null

2022-02-14 12:59:39 - [TEST_STEP][PASSED] - logInfo(Size of Active Bookings: $SizeofActiveBookings): Size of Active Bookings: 75

2022-02-14 12:59:39 - [MESSAGE][INFO] - Size of Active Bookings: 75

2022-02-14 12:59:39 - [TEST_STEP][PASSED] - for ([refund = 1, refund < SizeofActiveBookings, (refund++)]): null

2022-02-14 12:59:39 - [TEST_STEP][PASSED] - if (refund == 1): null

2022-02-14 12:59:39 - [TEST_STEP][PASSED] - refund = SizeofActiveBookings: null

2022-02-14 12:59:39 - [TEST_STEP][PASSED] - refundvalue = refund: null

2022-02-14 12:59:39 - [TEST_STEP][PASSED] - logInfo(Size of refund booking: $refund): Size of refund booking: 75

2022-02-14 12:59:39 - [MESSAGE][INFO] - Size of refund booking: 75

2022-02-14 12:59:39 - [TEST_STEP][PASSED] - scrollToElement(findTestObject("Object Repository/CancelAndRefund/OrderListWithoutRefundedStatus - Click", ["position":refund]), 15): Scroll to object 'Object Repository/CancelAndRefund/OrderListWithoutRefundedStatus - Click' successfully

2022-02-14 12:59:40 - [MESSAGE][PASSED] - Scroll to object 'Object Repository/CancelAndRefund/OrderListWithoutRefundedStatus - Click' successfully

2022-02-14 12:59:40 - [TEST_STEP][PASSED] - takeScreenshot(): Taking screenshot successfully

2022-02-14 12:59:40 - [MESSAGE][PASSED] - Taking screenshot successfully
[[ATTACHMENT|/home/intersoft-admin/Rattan/Bash/Training/Rattan/Final_testing/New_ActivityOverview/Reports/20220214_115757/Refund-Order-Main/20220214_115806/1644823780069.png]]

2022-02-14 12:59:40 - [TEST_STEP][PASSED] - orderId = findWebElement(findTestObject("Object Repository/GetOrderID/GetOrderID", ["position":refund])).getAttribute("data-order_id"): null

2022-02-14 12:59:40 - [TEST_STEP][PASSED] - orderId = orderId: null

2022-02-14 12:59:40 - [TEST_STEP][PASSED] - logInfo(Order ID: $orderId): Order ID: 164456034225141

2022-02-14 12:59:40 - [MESSAGE][INFO] - Order ID: 164456034225141

2022-02-14 12:59:40 - [TEST_STEP][PASSED] - click(findTestObject("Object Repository/GetOrderID/GetOrderID", ["position":refund])): Object: 'Object Repository/GetOrderID/GetOrderID' is clicked on

2022-02-14 12:59:43 - [MESSAGE][PASSED] - Object: 'Object Repository/GetOrderID/GetOrderID' is clicked on

2022-02-14 12:59:43 - [TEST_STEP][PASSED] - delay(20): Delayed 20 second(s)

2022-02-14 13:00:03 - [MESSAGE][PASSED] - Delayed 20 second(s)

2022-02-14 13:00:03 - [TEST_STEP][PASSED] - takeScreenshot(): Taking screenshot successfully

2022-02-14 13:00:03 - [MESSAGE][PASSED] - Taking screenshot successfully
[[ATTACHMENT|/home/intersoft-admin/Rattan/Bash/Training/Rattan/Final_testing/New_ActivityOverview/Reports/20220214_115757/Refund-Order-Main/20220214_115806/1644823803445.png]]

2022-02-14 13:00:03 - [TEST_STEP][PASSED] - if (waitForElementVisible(findTestObject("Object Repository/DetailPop-up/MoreActions/MoreOptionSelect"), 15) == true): null

2022-02-14 13:00:03 - [MESSAGE][PASSED] - Object 'Object Repository/DetailPop-up/MoreActions/MoreOptionSelect' is visible

2022-02-14 13:00:03 - [TEST_STEP][PASSED] - click(findTestObject("Object Repository/DetailPop-up/MoreActions/MoreOptionSelect")): Object: 'Object Repository/DetailPop-up/MoreActions/MoreOptionSelect' is clicked on

2022-02-14 13:00:06 - [MESSAGE][PASSED] - Object: 'Object Repository/DetailPop-up/MoreActions/MoreOptionSelect' is clicked on

2022-02-14 13:00:06 - [TEST_STEP][PASSED] - delay(1): Delayed 1 second(s)

2022-02-14 13:00:07 - [MESSAGE][PASSED] - Delayed 1 second(s)

2022-02-14 13:00:07 - [TEST_STEP][PASSED] - takeScreenshot(): Taking screenshot successfully

2022-02-14 13:00:07 - [MESSAGE][PASSED] - Taking screenshot successfully
[[ATTACHMENT|/home/intersoft-admin/Rattan/Bash/Training/Rattan/Final_testing/New_ActivityOverview/Reports/20220214_115757/Refund-Order-Main/20220214_115806/1644823807823.png]]

2022-02-14 13:00:07 - [TEST_STEP][PASSED] - if (waitForElementVisible(findTestObject("Object Repository/DetailPop-up/MoreActions/MoreAction-SelectOptions", ["action":"Refund"]), 15) == true): null

2022-02-14 13:00:08 - [MESSAGE][PASSED] - Object 'Object Repository/DetailPop-up/MoreActions/MoreAction-SelectOptions' is visible

2022-02-14 13:00:08 - [TEST_STEP][PASSED] - click(findTestObject("Object Repository/DetailPop-up/MoreActions/MoreAction-SelectOptions", ["action":"Refund"])): Object: 'Object Repository/DetailPop-up/MoreActions/MoreAction-SelectOptions' is clicked on

2022-02-14 13:00:11 - [MESSAGE][PASSED] - Object: 'Object Repository/DetailPop-up/MoreActions/MoreAction-SelectOptions' is clicked on

2022-02-14 13:00:11 - [TEST_STEP][PASSED] - delay(1): Delayed 1 second(s)

2022-02-14 13:00:12 - [MESSAGE][PASSED] - Delayed 1 second(s)

2022-02-14 13:00:12 - [TEST_STEP][PASSED] - takeScreenshot(): Taking screenshot successfully

2022-02-14 13:00:12 - [MESSAGE][PASSED] - Taking screenshot successfully
[[ATTACHMENT|/home/intersoft-admin/Rattan/Bash/Training/Rattan/Final_testing/New_ActivityOverview/Reports/20220214_115757/Refund-Order-Main/20220214_115806/1644823812244.png]]

2022-02-14 13:00:12 - [TEST_STEP][PASSED] - setText(findTestObject("Object Repository/DetailPop-up/MoreActions/RefundReason"), CancellationReason): Text 'Order Refunded to Test Automation Testing Under Katalon' is set on object 'Object Repository/DetailPop-up/MoreActions/RefundReason'

2022-02-14 13:00:18 - [MESSAGE][PASSED] - Text 'Order Refunded to Test Automation Testing Under Katalon' is set on object 'Object Repository/DetailPop-up/MoreActions/RefundReason'

2022-02-14 13:00:18 - [TEST_STEP][PASSED] - delay(1): Delayed 1 second(s)

2022-02-14 13:00:19 - [MESSAGE][PASSED] - Delayed 1 second(s)

2022-02-14 13:00:19 - [TEST_STEP][PASSED] - takeScreenshot(): Taking screenshot successfully

2022-02-14 13:00:19 - [MESSAGE][PASSED] - Taking screenshot successfully
[[ATTACHMENT|/home/intersoft-admin/Rattan/Bash/Training/Rattan/Final_testing/New_ActivityOverview/Reports/20220214_115757/Refund-Order-Main/20220214_115806/1644823819609.png]]

2022-02-14 13:00:19 - [TEST_STEP][PASSED] - click(findTestObject("Object Repository/DetailPop-up/MoreActions/confirmRefundOrder")): Object: 'Object Repository/DetailPop-up/MoreActions/confirmRefundOrder' is clicked on

2022-02-14 13:00:22 - [MESSAGE][PASSED] - Object: 'Object Repository/DetailPop-up/MoreActions/confirmRefundOrder' is clicked on

2022-02-14 13:00:22 - [TEST_STEP][PASSED] - delay(1): Delayed 1 second(s)

2022-02-14 13:00:23 - [MESSAGE][PASSED] - Delayed 1 second(s)

2022-02-14 13:00:23 - [TEST_STEP][PASSED] - takeScreenshot(): Taking screenshot successfully

2022-02-14 13:00:24 - [MESSAGE][PASSED] - Taking screenshot successfully
[[ATTACHMENT|/home/intersoft-admin/Rattan/Bash/Training/Rattan/Final_testing/New_ActivityOverview/Reports/20220214_115757/Refund-Order-Main/20220214_115806/1644823823908.png]]

2022-02-14 13:00:24 - [TEST_STEP][PASSED] - delay(12): Delayed 12 second(s)

2022-02-14 13:00:36 - [MESSAGE][PASSED] - Delayed 12 second(s)

2022-02-14 13:00:36 - [TEST_STEP][PASSED] - if (waitForElementVisible(findTestObject("Object Repository/DetailPop-up/MoreActions/CancelRefundButton"), 15) == true): Object 'Object Repository/DetailPop-up/MoreActions/CancelRefundButton' is not visible after 15 second(s)

2022-02-14 13:00:51 - [MESSAGE][WARNING] - Object 'Object Repository/DetailPop-up/MoreActions/CancelRefundButton' is not visible after 15 second(s)

2022-02-14 13:00:51 - [TEST_STEP][PASSED] - delay(13): Delayed 13 second(s)

2022-02-14 13:01:04 - [MESSAGE][PASSED] - Delayed 13 second(s)

2022-02-14 13:01:04 - [TEST_STEP][PASSED] - click(findTestObject("Object Repository/DetailPop-up/Backbutton/BackButtonToListing")): Object: 'Object Repository/DetailPop-up/Backbutton/BackButtonToListing' is clicked on

2022-02-14 13:01:07 - [MESSAGE][PASSED] - Object: 'Object Repository/DetailPop-up/Backbutton/BackButtonToListing' is clicked on

2022-02-14 13:01:07 - [TEST_STEP][PASSED] - delay(1): Delayed 1 second(s)

2022-02-14 13:01:08 - [MESSAGE][PASSED] - Delayed 1 second(s)

2022-02-14 13:01:08 - [TEST_STEP][PASSED] - takeScreenshot(): Taking screenshot successfully

2022-02-14 13:01:08 - [MESSAGE][PASSED] - Taking screenshot successfully
[[ATTACHMENT|/home/intersoft-admin/Rattan/Bash/Training/Rattan/Final_testing/New_ActivityOverview/Reports/20220214_115757/Refund-Order-Main/20220214_115806/1644823868762.png]]

2022-02-14 13:01:08 - [TEST_STEP][PASSED] - delay(13): Delayed 13 second(s)

2022-02-14 13:01:21 - [MESSAGE][PASSED] - Delayed 13 second(s)

2022-02-14 13:01:21 - [TEST_STEP][PASSED] - if (l <= 5): null

2022-02-14 13:01:21 - [TEST_STEP][PASSED] - paginationvalue = l: null

2022-02-14 13:01:21 - [TEST_STEP][PASSED] - if (l > 5): null

2022-02-14 13:01:21 - [TEST_STEP][PASSED] - logInfo(Size of Pagination: $paginationvalue): Size of Pagination: 3

2022-02-14 13:01:21 - [MESSAGE][INFO] - Size of Pagination: 3

2022-02-14 13:01:21 - [TEST_STEP][PASSED] - click(findTestObject("Object Repository/PaginationCOunt/ClickOnPagination", ["pagination":paginationvalue])): Object: 'Object Repository/PaginationCOunt/ClickOnPagination' is clicked on

2022-02-14 13:01:25 - [MESSAGE][PASSED] - Object: 'Object Repository/PaginationCOunt/ClickOnPagination' is clicked on

2022-02-14 13:01:25 - [TEST_STEP][PASSED] - delay(20): Delayed 20 second(s)

2022-02-14 13:01:45 - [MESSAGE][PASSED] - Delayed 20 second(s)

2022-02-14 13:01:45 - [TEST_STEP][PASSED] - takeScreenshot(): Taking screenshot successfully

2022-02-14 13:01:45 - [MESSAGE][PASSED] - Taking screenshot successfully
[[ATTACHMENT|/home/intersoft-admin/Rattan/Bash/Training/Rattan/Final_testing/New_ActivityOverview/Reports/20220214_115757/Refund-Order-Main/20220214_115806/1644823905125.png]]

2022-02-14 13:01:45 - [TEST_STEP][PASSED] - SizeofActiveBookings = findWebElements(findTestObject("Object Repository/CancelAndRefund/OrderListWithoutRefundedStatus"), 5).size(): null

2022-02-14 13:01:45 - [TEST_STEP][PASSED] - logInfo(Size of Active Bookings: $SizeofActiveBookings): Size of Active Bookings: 80

2022-02-14 13:01:45 - [MESSAGE][INFO] - Size of Active Bookings: 80

2022-02-14 13:01:45 - [TEST_STEP][PASSED] - for ([refund = 1, refund < SizeofActiveBookings, (refund++)]): null

2022-02-14 13:01:45 - [TEST_STEP][PASSED] - if (refund == 1): null

2022-02-14 13:01:45 - [TEST_STEP][PASSED] - refund = SizeofActiveBookings: null

2022-02-14 13:01:45 - [TEST_STEP][PASSED] - refundvalue = refund: null

2022-02-14 13:01:45 - [TEST_STEP][PASSED] - logInfo(Size of refund booking: $refund): Size of refund booking: 80

2022-02-14 13:01:45 - [MESSAGE][INFO] - Size of refund booking: 80

2022-02-14 13:01:45 - [TEST_STEP][PASSED] - scrollToElement(findTestObject("Object Repository/CancelAndRefund/OrderListWithoutRefundedStatus - Click", ["position":refund]), 15): Scroll to object 'Object Repository/CancelAndRefund/OrderListWithoutRefundedStatus - Click' successfully

2022-02-14 13:01:45 - [MESSAGE][PASSED] - Scroll to object 'Object Repository/CancelAndRefund/OrderListWithoutRefundedStatus - Click' successfully

2022-02-14 13:01:45 - [TEST_STEP][PASSED] - takeScreenshot(): Taking screenshot successfully

2022-02-14 13:01:45 - [MESSAGE][PASSED] - Taking screenshot successfully
[[ATTACHMENT|/home/intersoft-admin/Rattan/Bash/Training/Rattan/Final_testing/New_ActivityOverview/Reports/20220214_115757/Refund-Order-Main/20220214_115806/1644823905420.png]]

2022-02-14 13:01:45 - [TEST_STEP][PASSED] - orderId = findWebElement(findTestObject("Object Repository/GetOrderID/GetOrderID", ["position":refund])).getAttribute("data-order_id"): null

2022-02-14 13:01:45 - [TEST_STEP][PASSED] - orderId = orderId: null

2022-02-14 13:01:45 - [TEST_STEP][PASSED] - logInfo(Order ID: $orderId): Order ID: 164440691493786

2022-02-14 13:01:45 - [MESSAGE][INFO] - Order ID: 164440691493786

2022-02-14 13:01:45 - [TEST_STEP][PASSED] - click(findTestObject("Object Repository/GetOrderID/GetOrderID", ["position":refund])): Object: 'Object Repository/GetOrderID/GetOrderID' is clicked on

2022-02-14 13:01:48 - [MESSAGE][PASSED] - Object: 'Object Repository/GetOrderID/GetOrderID' is clicked on

2022-02-14 13:01:48 - [TEST_STEP][PASSED] - delay(20): Delayed 20 second(s)

2022-02-14 13:02:08 - [MESSAGE][PASSED] - Delayed 20 second(s)

2022-02-14 13:02:08 - [TEST_STEP][PASSED] - takeScreenshot(): Taking screenshot successfully

2022-02-14 13:02:08 - [MESSAGE][PASSED] - Taking screenshot successfully
[[ATTACHMENT|/home/intersoft-admin/Rattan/Bash/Training/Rattan/Final_testing/New_ActivityOverview/Reports/20220214_115757/Refund-Order-Main/20220214_115806/1644823928836.png]]

2022-02-14 13:02:08 - [TEST_STEP][PASSED] - if (waitForElementVisible(findTestObject("Object Repository/DetailPop-up/MoreActions/MoreOptionSelect"), 15) == true): null

2022-02-14 13:02:09 - [MESSAGE][PASSED] - Object 'Object Repository/DetailPop-up/MoreActions/MoreOptionSelect' is visible

2022-02-14 13:02:09 - [TEST_STEP][PASSED] - click(findTestObject("Object Repository/DetailPop-up/MoreActions/MoreOptionSelect")): Object: 'Object Repository/DetailPop-up/MoreActions/MoreOptionSelect' is clicked on

2022-02-14 13:02:12 - [MESSAGE][PASSED] - Object: 'Object Repository/DetailPop-up/MoreActions/MoreOptionSelect' is clicked on

2022-02-14 13:02:12 - [TEST_STEP][PASSED] - delay(1): Delayed 1 second(s)

2022-02-14 13:02:13 - [MESSAGE][PASSED] - Delayed 1 second(s)

2022-02-14 13:02:13 - [TEST_STEP][PASSED] - takeScreenshot(): Taking screenshot successfully

2022-02-14 13:02:13 - [MESSAGE][PASSED] - Taking screenshot successfully
[[ATTACHMENT|/home/intersoft-admin/Rattan/Bash/Training/Rattan/Final_testing/New_ActivityOverview/Reports/20220214_115757/Refund-Order-Main/20220214_115806/1644823933405.png]]

2022-02-14 13:02:13 - [TEST_STEP][PASSED] - if (waitForElementVisible(findTestObject("Object Repository/DetailPop-up/MoreActions/MoreAction-SelectOptions", ["action":"Refund"]), 15) == true): null

2022-02-14 13:02:13 - [MESSAGE][PASSED] - Object 'Object Repository/DetailPop-up/MoreActions/MoreAction-SelectOptions' is visible

2022-02-14 13:02:13 - [TEST_STEP][PASSED] - click(findTestObject("Object Repository/DetailPop-up/MoreActions/MoreAction-SelectOptions", ["action":"Refund"])): Object: 'Object Repository/DetailPop-up/MoreActions/MoreAction-SelectOptions' is clicked on

2022-02-14 13:02:16 - [MESSAGE][PASSED] - Object: 'Object Repository/DetailPop-up/MoreActions/MoreAction-SelectOptions' is clicked on

2022-02-14 13:02:16 - [TEST_STEP][PASSED] - delay(1): Delayed 1 second(s)

2022-02-14 13:02:17 - [MESSAGE][PASSED] - Delayed 1 second(s)

2022-02-14 13:02:17 - [TEST_STEP][PASSED] - takeScreenshot(): Taking screenshot successfully

2022-02-14 13:02:18 - [MESSAGE][PASSED] - Taking screenshot successfully
[[ATTACHMENT|/home/intersoft-admin/Rattan/Bash/Training/Rattan/Final_testing/New_ActivityOverview/Reports/20220214_115757/Refund-Order-Main/20220214_115806/1644823937892.png]]

2022-02-14 13:02:18 - [TEST_STEP][PASSED] - setText(findTestObject("Object Repository/DetailPop-up/MoreActions/RefundReason"), CancellationReason): Text 'Order Refunded to Test Automation Testing Under Katalon' is set on object 'Object Repository/DetailPop-up/MoreActions/RefundReason'

2022-02-14 13:02:24 - [MESSAGE][PASSED] - Text 'Order Refunded to Test Automation Testing Under Katalon' is set on object 'Object Repository/DetailPop-up/MoreActions/RefundReason'

2022-02-14 13:02:24 - [TEST_STEP][PASSED] - delay(1): Delayed 1 second(s)

2022-02-14 13:02:25 - [MESSAGE][PASSED] - Delayed 1 second(s)

2022-02-14 13:02:25 - [TEST_STEP][PASSED] - takeScreenshot(): Taking screenshot successfully

2022-02-14 13:02:25 - [MESSAGE][PASSED] - Taking screenshot successfully
[[ATTACHMENT|/home/intersoft-admin/Rattan/Bash/Training/Rattan/Final_testing/New_ActivityOverview/Reports/20220214_115757/Refund-Order-Main/20220214_115806/1644823945286.png]]

2022-02-14 13:02:25 - [TEST_STEP][PASSED] - click(findTestObject("Object Repository/DetailPop-up/MoreActions/confirmRefundOrder")): Object: 'Object Repository/DetailPop-up/MoreActions/confirmRefundOrder' is clicked on

2022-02-14 13:02:28 - [MESSAGE][PASSED] - Object: 'Object Repository/DetailPop-up/MoreActions/confirmRefundOrder' is clicked on

2022-02-14 13:02:28 - [TEST_STEP][PASSED] - delay(1): Delayed 1 second(s)

2022-02-14 13:02:29 - [MESSAGE][PASSED] - Delayed 1 second(s)

2022-02-14 13:02:29 - [TEST_STEP][PASSED] - takeScreenshot(): Taking screenshot successfully

2022-02-14 13:02:29 - [MESSAGE][PASSED] - Taking screenshot successfully
[[ATTACHMENT|/home/intersoft-admin/Rattan/Bash/Training/Rattan/Final_testing/New_ActivityOverview/Reports/20220214_115757/Refund-Order-Main/20220214_115806/1644823949610.png]]

2022-02-14 13:02:29 - [TEST_STEP][PASSED] - delay(12): Delayed 12 second(s)

2022-02-14 13:02:41 - [MESSAGE][PASSED] - Delayed 12 second(s)

2022-02-14 13:02:41 - [TEST_STEP][PASSED] - if (waitForElementVisible(findTestObject("Object Repository/DetailPop-up/MoreActions/CancelRefundButton"), 15) == true): Object 'Object Repository/DetailPop-up/MoreActions/CancelRefundButton' is not visible after 15 second(s)

2022-02-14 13:02:57 - [MESSAGE][WARNING] - Object 'Object Repository/DetailPop-up/MoreActions/CancelRefundButton' is not visible after 15 second(s)

2022-02-14 13:02:57 - [TEST_STEP][PASSED] - delay(13): Delayed 13 second(s)

2022-02-14 13:03:10 - [MESSAGE][PASSED] - Delayed 13 second(s)

2022-02-14 13:03:10 - [TEST_STEP][PASSED] - click(findTestObject("Object Repository/DetailPop-up/Backbutton/BackButtonToListing")): Object: 'Object Repository/DetailPop-up/Backbutton/BackButtonToListing' is clicked on

2022-02-14 13:03:13 - [MESSAGE][PASSED] - Object: 'Object Repository/DetailPop-up/Backbutton/BackButtonToListing' is clicked on

2022-02-14 13:03:13 - [TEST_STEP][PASSED] - delay(1): Delayed 1 second(s)

2022-02-14 13:03:14 - [MESSAGE][PASSED] - Delayed 1 second(s)

2022-02-14 13:03:14 - [TEST_STEP][PASSED] - takeScreenshot(): Taking screenshot successfully

2022-02-14 13:03:14 - [MESSAGE][PASSED] - Taking screenshot successfully
[[ATTACHMENT|/home/intersoft-admin/Rattan/Bash/Training/Rattan/Final_testing/New_ActivityOverview/Reports/20220214_115757/Refund-Order-Main/20220214_115806/1644823994518.png]]

2022-02-14 13:03:14 - [TEST_STEP][PASSED] - delay(13): Delayed 13 second(s)

2022-02-14 13:03:27 - [MESSAGE][PASSED] - Delayed 13 second(s)

2022-02-14 13:03:27 - [TEST_STEP][PASSED] - if (l <= 5): null

2022-02-14 13:03:27 - [TEST_STEP][PASSED] - paginationvalue = l: null

2022-02-14 13:03:27 - [TEST_STEP][PASSED] - if (l > 5): null

2022-02-14 13:03:27 - [TEST_STEP][PASSED] - logInfo(Size of Pagination: $paginationvalue): Size of Pagination: 4

2022-02-14 13:03:27 - [MESSAGE][INFO] - Size of Pagination: 4

2022-02-14 13:03:27 - [TEST_STEP][PASSED] - click(findTestObject("Object Repository/PaginationCOunt/ClickOnPagination", ["pagination":paginationvalue])): Object: 'Object Repository/PaginationCOunt/ClickOnPagination' is clicked on

2022-02-14 13:03:30 - [MESSAGE][PASSED] - Object: 'Object Repository/PaginationCOunt/ClickOnPagination' is clicked on

2022-02-14 13:03:30 - [TEST_STEP][PASSED] - delay(20): Delayed 20 second(s)

2022-02-14 13:03:50 - [MESSAGE][PASSED] - Delayed 20 second(s)

2022-02-14 13:03:50 - [TEST_STEP][PASSED] - takeScreenshot(): Taking screenshot successfully

2022-02-14 13:03:50 - [MESSAGE][PASSED] - Taking screenshot successfully
[[ATTACHMENT|/home/intersoft-admin/Rattan/Bash/Training/Rattan/Final_testing/New_ActivityOverview/Reports/20220214_115757/Refund-Order-Main/20220214_115806/1644824030850.png]]

2022-02-14 13:03:50 - [TEST_STEP][PASSED] - SizeofActiveBookings = findWebElements(findTestObject("Object Repository/CancelAndRefund/OrderListWithoutRefundedStatus"), 5).size(): null

2022-02-14 13:03:51 - [TEST_STEP][PASSED] - logInfo(Size of Active Bookings: $SizeofActiveBookings): Size of Active Bookings: 79

2022-02-14 13:03:51 - [MESSAGE][INFO] - Size of Active Bookings: 79

2022-02-14 13:03:51 - [TEST_STEP][PASSED] - for ([refund = 1, refund < SizeofActiveBookings, (refund++)]): null

2022-02-14 13:03:51 - [TEST_STEP][PASSED] - if (refund == 1): null

2022-02-14 13:03:51 - [TEST_STEP][PASSED] - refund = SizeofActiveBookings: null

2022-02-14 13:03:51 - [TEST_STEP][PASSED] - refundvalue = refund: null

2022-02-14 13:03:51 - [TEST_STEP][PASSED] - logInfo(Size of refund booking: $refund): Size of refund booking: 79

2022-02-14 13:03:51 - [MESSAGE][INFO] - Size of refund booking: 79

2022-02-14 13:03:51 - [TEST_STEP][PASSED] - scrollToElement(findTestObject("Object Repository/CancelAndRefund/OrderListWithoutRefundedStatus - Click", ["position":refund]), 15): Scroll to object 'Object Repository/CancelAndRefund/OrderListWithoutRefundedStatus - Click' successfully

2022-02-14 13:03:51 - [MESSAGE][PASSED] - Scroll to object 'Object Repository/CancelAndRefund/OrderListWithoutRefundedStatus - Click' successfully

2022-02-14 13:03:51 - [TEST_STEP][PASSED] - takeScreenshot(): Taking screenshot successfully

2022-02-14 13:03:51 - [MESSAGE][PASSED] - Taking screenshot successfully
[[ATTACHMENT|/home/intersoft-admin/Rattan/Bash/Training/Rattan/Final_testing/New_ActivityOverview/Reports/20220214_115757/Refund-Order-Main/20220214_115806/1644824031119.png]]

2022-02-14 13:03:51 - [TEST_STEP][PASSED] - orderId = findWebElement(findTestObject("Object Repository/GetOrderID/GetOrderID", ["position":refund])).getAttribute("data-order_id"): null

2022-02-14 13:03:51 - [TEST_STEP][PASSED] - orderId = orderId: null

2022-02-14 13:03:51 - [TEST_STEP][PASSED] - logInfo(Order ID: $orderId): Order ID: 164431831841636

2022-02-14 13:03:51 - [MESSAGE][INFO] - Order ID: 164431831841636

2022-02-14 13:03:51 - [TEST_STEP][PASSED] - click(findTestObject("Object Repository/GetOrderID/GetOrderID", ["position":refund])): Object: 'Object Repository/GetOrderID/GetOrderID' is clicked on

2022-02-14 13:03:54 - [MESSAGE][PASSED] - Object: 'Object Repository/GetOrderID/GetOrderID' is clicked on

2022-02-14 13:03:54 - [TEST_STEP][PASSED] - delay(20): Delayed 20 second(s)

2022-02-14 13:04:14 - [MESSAGE][PASSED] - Delayed 20 second(s)

2022-02-14 13:04:14 - [TEST_STEP][PASSED] - takeScreenshot(): Taking screenshot successfully

2022-02-14 13:04:14 - [MESSAGE][PASSED] - Taking screenshot successfully
[[ATTACHMENT|/home/intersoft-admin/Rattan/Bash/Training/Rattan/Final_testing/New_ActivityOverview/Reports/20220214_115757/Refund-Order-Main/20220214_115806/1644824054499.png]]

2022-02-14 13:04:14 - [TEST_STEP][PASSED] - if (waitForElementVisible(findTestObject("Object Repository/DetailPop-up/MoreActions/MoreOptionSelect"), 15) == true): null

2022-02-14 13:04:14 - [MESSAGE][PASSED] - Object 'Object Repository/DetailPop-up/MoreActions/MoreOptionSelect' is visible

2022-02-14 13:04:14 - [TEST_STEP][PASSED] - click(findTestObject("Object Repository/DetailPop-up/MoreActions/MoreOptionSelect")): Object: 'Object Repository/DetailPop-up/MoreActions/MoreOptionSelect' is clicked on

2022-02-14 13:04:17 - [MESSAGE][PASSED] - Object: 'Object Repository/DetailPop-up/MoreActions/MoreOptionSelect' is clicked on

2022-02-14 13:04:17 - [TEST_STEP][PASSED] - delay(1): Delayed 1 second(s)

2022-02-14 13:04:18 - [MESSAGE][PASSED] - Delayed 1 second(s)

2022-02-14 13:04:18 - [TEST_STEP][PASSED] - takeScreenshot(): Taking screenshot successfully

2022-02-14 13:04:18 - [MESSAGE][PASSED] - Taking screenshot successfully
[[ATTACHMENT|/home/intersoft-admin/Rattan/Bash/Training/Rattan/Final_testing/New_ActivityOverview/Reports/20220214_115757/Refund-Order-Main/20220214_115806/1644824058870.png]]

2022-02-14 13:04:18 - [TEST_STEP][PASSED] - if (waitForElementVisible(findTestObject("Object Repository/DetailPop-up/MoreActions/MoreAction-SelectOptions", ["action":"Refund"]), 15) == true): null

2022-02-14 13:04:19 - [MESSAGE][PASSED] - Object 'Object Repository/DetailPop-up/MoreActions/MoreAction-SelectOptions' is visible

2022-02-14 13:04:19 - [TEST_STEP][PASSED] - click(findTestObject("Object Repository/DetailPop-up/MoreActions/MoreAction-SelectOptions", ["action":"Refund"])): Object: 'Object Repository/DetailPop-up/MoreActions/MoreAction-SelectOptions' is clicked on

2022-02-14 13:04:22 - [MESSAGE][PASSED] - Object: 'Object Repository/DetailPop-up/MoreActions/MoreAction-SelectOptions' is clicked on

2022-02-14 13:04:22 - [TEST_STEP][PASSED] - delay(1): Delayed 1 second(s)

2022-02-14 13:04:23 - [MESSAGE][PASSED] - Delayed 1 second(s)

2022-02-14 13:04:23 - [TEST_STEP][PASSED] - takeScreenshot(): Taking screenshot successfully

2022-02-14 13:04:23 - [MESSAGE][PASSED] - Taking screenshot successfully
[[ATTACHMENT|/home/intersoft-admin/Rattan/Bash/Training/Rattan/Final_testing/New_ActivityOverview/Reports/20220214_115757/Refund-Order-Main/20220214_115806/1644824063260.png]]

2022-02-14 13:04:23 - [TEST_STEP][PASSED] - setText(findTestObject("Object Repository/DetailPop-up/MoreActions/RefundReason"), CancellationReason): Text 'Order Refunded to Test Automation Testing Under Katalon' is set on object 'Object Repository/DetailPop-up/MoreActions/RefundReason'

2022-02-14 13:04:29 - [MESSAGE][PASSED] - Text 'Order Refunded to Test Automation Testing Under Katalon' is set on object 'Object Repository/DetailPop-up/MoreActions/RefundReason'

2022-02-14 13:04:29 - [TEST_STEP][PASSED] - delay(1): Delayed 1 second(s)

2022-02-14 13:04:30 - [MESSAGE][PASSED] - Delayed 1 second(s)

2022-02-14 13:04:30 - [TEST_STEP][PASSED] - takeScreenshot(): Taking screenshot successfully

2022-02-14 13:04:30 - [MESSAGE][PASSED] - Taking screenshot successfully
[[ATTACHMENT|/home/intersoft-admin/Rattan/Bash/Training/Rattan/Final_testing/New_ActivityOverview/Reports/20220214_115757/Refund-Order-Main/20220214_115806/1644824070624.png]]

2022-02-14 13:04:30 - [TEST_STEP][PASSED] - click(findTestObject("Object Repository/DetailPop-up/MoreActions/confirmRefundOrder")): Object: 'Object Repository/DetailPop-up/MoreActions/confirmRefundOrder' is clicked on

2022-02-14 13:04:33 - [MESSAGE][PASSED] - Object: 'Object Repository/DetailPop-up/MoreActions/confirmRefundOrder' is clicked on

2022-02-14 13:04:33 - [TEST_STEP][PASSED] - delay(1): Delayed 1 second(s)

2022-02-14 13:04:34 - [MESSAGE][PASSED] - Delayed 1 second(s)

2022-02-14 13:04:34 - [TEST_STEP][PASSED] - takeScreenshot(): Taking screenshot successfully

2022-02-14 13:04:35 - [MESSAGE][PASSED] - Taking screenshot successfully
[[ATTACHMENT|/home/intersoft-admin/Rattan/Bash/Training/Rattan/Final_testing/New_ActivityOverview/Reports/20220214_115757/Refund-Order-Main/20220214_115806/1644824074923.png]]

2022-02-14 13:04:35 - [TEST_STEP][PASSED] - delay(12): Delayed 12 second(s)

2022-02-14 13:04:47 - [MESSAGE][PASSED] - Delayed 12 second(s)

2022-02-14 13:04:47 - [TEST_STEP][PASSED] - if (waitForElementVisible(findTestObject("Object Repository/DetailPop-up/MoreActions/CancelRefundButton"), 15) == true): Object 'Object Repository/DetailPop-up/MoreActions/CancelRefundButton' is not visible after 15 second(s)

2022-02-14 13:05:02 - [MESSAGE][WARNING] - Object 'Object Repository/DetailPop-up/MoreActions/CancelRefundButton' is not visible after 15 second(s)

2022-02-14 13:05:02 - [TEST_STEP][PASSED] - delay(13): Delayed 13 second(s)

2022-02-14 13:05:15 - [MESSAGE][PASSED] - Delayed 13 second(s)

2022-02-14 13:05:15 - [TEST_STEP][PASSED] - click(findTestObject("Object Repository/DetailPop-up/Backbutton/BackButtonToListing")): Object: 'Object Repository/DetailPop-up/Backbutton/BackButtonToListing' is clicked on

2022-02-14 13:05:18 - [MESSAGE][PASSED] - Object: 'Object Repository/DetailPop-up/Backbutton/BackButtonToListing' is clicked on

2022-02-14 13:05:18 - [TEST_STEP][PASSED] - delay(1): Delayed 1 second(s)

2022-02-14 13:05:19 - [MESSAGE][PASSED] - Delayed 1 second(s)

2022-02-14 13:05:19 - [TEST_STEP][PASSED] - takeScreenshot(): Taking screenshot successfully

2022-02-14 13:05:19 - [MESSAGE][PASSED] - Taking screenshot successfully
[[ATTACHMENT|/home/intersoft-admin/Rattan/Bash/Training/Rattan/Final_testing/New_ActivityOverview/Reports/20220214_115757/Refund-Order-Main/20220214_115806/1644824119735.png]]

2022-02-14 13:05:19 - [TEST_STEP][PASSED] - delay(13): Delayed 13 second(s)

2022-02-14 13:05:32 - [MESSAGE][PASSED] - Delayed 13 second(s)

2022-02-14 13:05:32 - [TEST_STEP][PASSED] - if (l <= 5): null

2022-02-14 13:05:32 - [TEST_STEP][PASSED] - paginationvalue = l: null

2022-02-14 13:05:32 - [TEST_STEP][PASSED] - if (l > 5): null

2022-02-14 13:05:32 - [TEST_STEP][PASSED] - logInfo(Size of Pagination: $paginationvalue): Size of Pagination: 5

2022-02-14 13:05:32 - [MESSAGE][INFO] - Size of Pagination: 5

2022-02-14 13:05:32 - [TEST_STEP][PASSED] - click(findTestObject("Object Repository/PaginationCOunt/ClickOnPagination", ["pagination":paginationvalue])): Object: 'Object Repository/PaginationCOunt/ClickOnPagination' is clicked on

2022-02-14 13:05:36 - [MESSAGE][PASSED] - Object: 'Object Repository/PaginationCOunt/ClickOnPagination' is clicked on

2022-02-14 13:05:36 - [TEST_STEP][PASSED] - delay(20): Delayed 20 second(s)

2022-02-14 13:05:56 - [MESSAGE][PASSED] - Delayed 20 second(s)

2022-02-14 13:05:56 - [TEST_STEP][PASSED] - takeScreenshot(): Taking screenshot successfully

2022-02-14 13:05:56 - [MESSAGE][PASSED] - Taking screenshot successfully
[[ATTACHMENT|/home/intersoft-admin/Rattan/Bash/Training/Rattan/Final_testing/New_ActivityOverview/Reports/20220214_115757/Refund-Order-Main/20220214_115806/1644824156068.png]]

2022-02-14 13:05:56 - [TEST_STEP][PASSED] - SizeofActiveBookings = findWebElements(findTestObject("Object Repository/CancelAndRefund/OrderListWithoutRefundedStatus"), 5).size(): null

2022-02-14 13:05:56 - [TEST_STEP][PASSED] - logInfo(Size of Active Bookings: $SizeofActiveBookings): Size of Active Bookings: 94

2022-02-14 13:05:56 - [MESSAGE][INFO] - Size of Active Bookings: 94

2022-02-14 13:05:56 - [TEST_STEP][PASSED] - for ([refund = 1, refund < SizeofActiveBookings, (refund++)]): null

2022-02-14 13:05:56 - [TEST_STEP][PASSED] - if (refund == 1): null

2022-02-14 13:05:56 - [TEST_STEP][PASSED] - refund = SizeofActiveBookings: null

2022-02-14 13:05:56 - [TEST_STEP][PASSED] - refundvalue = refund: null

2022-02-14 13:05:56 - [TEST_STEP][PASSED] - logInfo(Size of refund booking: $refund): Size of refund booking: 94

2022-02-14 13:05:56 - [MESSAGE][INFO] - Size of refund booking: 94

2022-02-14 13:05:56 - [TEST_STEP][PASSED] - scrollToElement(findTestObject("Object Repository/CancelAndRefund/OrderListWithoutRefundedStatus - Click", ["position":refund]), 15): Scroll to object 'Object Repository/CancelAndRefund/OrderListWithoutRefundedStatus - Click' successfully

2022-02-14 13:05:56 - [MESSAGE][PASSED] - Scroll to object 'Object Repository/CancelAndRefund/OrderListWithoutRefundedStatus - Click' successfully

2022-02-14 13:05:56 - [TEST_STEP][PASSED] - takeScreenshot(): Taking screenshot successfully

2022-02-14 13:05:56 - [MESSAGE][PASSED] - Taking screenshot successfully
[[ATTACHMENT|/home/intersoft-admin/Rattan/Bash/Training/Rattan/Final_testing/New_ActivityOverview/Reports/20220214_115757/Refund-Order-Main/20220214_115806/1644824156383.png]]

2022-02-14 13:05:56 - [TEST_STEP][PASSED] - orderId = findWebElement(findTestObject("Object Repository/GetOrderID/GetOrderID", ["position":refund])).getAttribute("data-order_id"): null

2022-02-14 13:05:56 - [TEST_STEP][PASSED] - orderId = orderId: null

2022-02-14 13:05:56 - [TEST_STEP][PASSED] - logInfo(Order ID: $orderId): Order ID: 164422192168271

2022-02-14 13:05:56 - [MESSAGE][INFO] - Order ID: 164422192168271

2022-02-14 13:05:56 - [TEST_STEP][PASSED] - click(findTestObject("Object Repository/GetOrderID/GetOrderID", ["position":refund])): Object: 'Object Repository/GetOrderID/GetOrderID' is clicked on

2022-02-14 13:05:59 - [MESSAGE][PASSED] - Object: 'Object Repository/GetOrderID/GetOrderID' is clicked on

2022-02-14 13:05:59 - [TEST_STEP][PASSED] - delay(20): Delayed 20 second(s)

2022-02-14 13:06:19 - [MESSAGE][PASSED] - Delayed 20 second(s)

2022-02-14 13:06:19 - [TEST_STEP][PASSED] - takeScreenshot(): Taking screenshot successfully

2022-02-14 13:06:19 - [MESSAGE][PASSED] - Taking screenshot successfully
[[ATTACHMENT|/home/intersoft-admin/Rattan/Bash/Training/Rattan/Final_testing/New_ActivityOverview/Reports/20220214_115757/Refund-Order-Main/20220214_115806/1644824179767.png]]

2022-02-14 13:06:19 - [TEST_STEP][PASSED] - if (waitForElementVisible(findTestObject("Object Repository/DetailPop-up/MoreActions/MoreOptionSelect"), 15) == true): null

2022-02-14 13:06:20 - [MESSAGE][PASSED] - Object 'Object Repository/DetailPop-up/MoreActions/MoreOptionSelect' is visible

2022-02-14 13:06:20 - [TEST_STEP][PASSED] - click(findTestObject("Object Repository/DetailPop-up/MoreActions/MoreOptionSelect")): Object: 'Object Repository/DetailPop-up/MoreActions/MoreOptionSelect' is clicked on

2022-02-14 13:06:23 - [MESSAGE][PASSED] - Object: 'Object Repository/DetailPop-up/MoreActions/MoreOptionSelect' is clicked on

2022-02-14 13:06:23 - [TEST_STEP][PASSED] - delay(1): Delayed 1 second(s)

2022-02-14 13:06:24 - [MESSAGE][PASSED] - Delayed 1 second(s)

2022-02-14 13:06:24 - [TEST_STEP][PASSED] - takeScreenshot(): Taking screenshot successfully

2022-02-14 13:06:24 - [MESSAGE][PASSED] - Taking screenshot successfully
[[ATTACHMENT|/home/intersoft-admin/Rattan/Bash/Training/Rattan/Final_testing/New_ActivityOverview/Reports/20220214_115757/Refund-Order-Main/20220214_115806/1644824184144.png]]

2022-02-14 13:06:24 - [TEST_STEP][PASSED] - if (waitForElementVisible(findTestObject("Object Repository/DetailPop-up/MoreActions/MoreAction-SelectOptions", ["action":"Refund"]), 15) == true): null

2022-02-14 13:06:24 - [MESSAGE][PASSED] - Object 'Object Repository/DetailPop-up/MoreActions/MoreAction-SelectOptions' is visible

2022-02-14 13:06:24 - [TEST_STEP][PASSED] - click(findTestObject("Object Repository/DetailPop-up/MoreActions/MoreAction-SelectOptions", ["action":"Refund"])): Object: 'Object Repository/DetailPop-up/MoreActions/MoreAction-SelectOptions' is clicked on

2022-02-14 13:06:27 - [MESSAGE][PASSED] - Object: 'Object Repository/DetailPop-up/MoreActions/MoreAction-SelectOptions' is clicked on

2022-02-14 13:06:27 - [TEST_STEP][PASSED] - delay(1): Delayed 1 second(s)

2022-02-14 13:06:28 - [MESSAGE][PASSED] - Delayed 1 second(s)

2022-02-14 13:06:28 - [TEST_STEP][PASSED] - takeScreenshot(): Taking screenshot successfully

2022-02-14 13:06:28 - [MESSAGE][PASSED] - Taking screenshot successfully
[[ATTACHMENT|/home/intersoft-admin/Rattan/Bash/Training/Rattan/Final_testing/New_ActivityOverview/Reports/20220214_115757/Refund-Order-Main/20220214_115806/1644824188588.png]]

2022-02-14 13:06:28 - [TEST_STEP][PASSED] - setText(findTestObject("Object Repository/DetailPop-up/MoreActions/RefundReason"), CancellationReason): Text 'Order Refunded to Test Automation Testing Under Katalon' is set on object 'Object Repository/DetailPop-up/MoreActions/RefundReason'

2022-02-14 13:06:34 - [MESSAGE][PASSED] - Text 'Order Refunded to Test Automation Testing Under Katalon' is set on object 'Object Repository/DetailPop-up/MoreActions/RefundReason'

2022-02-14 13:06:34 - [TEST_STEP][PASSED] - delay(1): Delayed 1 second(s)

2022-02-14 13:06:35 - [MESSAGE][PASSED] - Delayed 1 second(s)

2022-02-14 13:06:35 - [TEST_STEP][PASSED] - takeScreenshot(): Taking screenshot successfully

2022-02-14 13:06:36 - [MESSAGE][PASSED] - Taking screenshot successfully
[[ATTACHMENT|/home/intersoft-admin/Rattan/Bash/Training/Rattan/Final_testing/New_ActivityOverview/Reports/20220214_115757/Refund-Order-Main/20220214_115806/1644824195964.png]]

2022-02-14 13:06:36 - [TEST_STEP][PASSED] - click(findTestObject("Object Repository/DetailPop-up/MoreActions/confirmRefundOrder")): Object: 'Object Repository/DetailPop-up/MoreActions/confirmRefundOrder' is clicked on

2022-02-14 13:06:39 - [MESSAGE][PASSED] - Object: 'Object Repository/DetailPop-up/MoreActions/confirmRefundOrder' is clicked on

2022-02-14 13:06:39 - [TEST_STEP][PASSED] - delay(1): Delayed 1 second(s)

2022-02-14 13:06:40 - [MESSAGE][PASSED] - Delayed 1 second(s)

2022-02-14 13:06:40 - [TEST_STEP][PASSED] - takeScreenshot(): Taking screenshot successfully

2022-02-14 13:06:40 - [MESSAGE][PASSED] - Taking screenshot successfully
[[ATTACHMENT|/home/intersoft-admin/Rattan/Bash/Training/Rattan/Final_testing/New_ActivityOverview/Reports/20220214_115757/Refund-Order-Main/20220214_115806/1644824200257.png]]

2022-02-14 13:06:40 - [TEST_STEP][PASSED] - delay(12): Delayed 12 second(s)

2022-02-14 13:06:52 - [MESSAGE][PASSED] - Delayed 12 second(s)

2022-02-14 13:06:52 - [TEST_STEP][PASSED] - if (waitForElementVisible(findTestObject("Object Repository/DetailPop-up/MoreActions/CancelRefundButton"), 15) == true): Object 'Object Repository/DetailPop-up/MoreActions/CancelRefundButton' is not visible after 15 second(s)

2022-02-14 13:07:07 - [MESSAGE][WARNING] - Object 'Object Repository/DetailPop-up/MoreActions/CancelRefundButton' is not visible after 15 second(s)

2022-02-14 13:07:07 - [TEST_STEP][PASSED] - delay(13): Delayed 13 second(s)

2022-02-14 13:07:20 - [MESSAGE][PASSED] - Delayed 13 second(s)

2022-02-14 13:07:20 - [TEST_STEP][PASSED] - click(findTestObject("Object Repository/DetailPop-up/Backbutton/BackButtonToListing")): Object: 'Object Repository/DetailPop-up/Backbutton/BackButtonToListing' is clicked on

2022-02-14 13:07:24 - [MESSAGE][PASSED] - Object: 'Object Repository/DetailPop-up/Backbutton/BackButtonToListing' is clicked on

2022-02-14 13:07:24 - [TEST_STEP][PASSED] - delay(1): Delayed 1 second(s)

2022-02-14 13:07:25 - [MESSAGE][PASSED] - Delayed 1 second(s)

2022-02-14 13:07:25 - [TEST_STEP][PASSED] - takeScreenshot(): Taking screenshot successfully

2022-02-14 13:07:25 - [MESSAGE][PASSED] - Taking screenshot successfully
[[ATTACHMENT|/home/intersoft-admin/Rattan/Bash/Training/Rattan/Final_testing/New_ActivityOverview/Reports/20220214_115757/Refund-Order-Main/20220214_115806/1644824245073.png]]

2022-02-14 13:07:25 - [TEST_STEP][PASSED] - delay(13): Delayed 13 second(s)

2022-02-14 13:07:38 - [MESSAGE][PASSED] - Delayed 13 second(s)]]></system-out>
         <system-err><![CDATA[]]></system-err>
      </testcase>
      <system-out><![CDATA[2022-02-14 12:55:46 - [TEST_SUITE][PASSED] - Refund-Order-Main: Test Cases/NewActivityOverview-LeftNavigation/ActivityOverview-RefundOrder-GetOrderIDAndRefund]]></system-out>
      <system-err><![CDATA[]]></system-err>
   </testsuite>
</testsuites>
